2015-10-25 11:58:41 [::1][-][-][error][yii\web\HttpException:404] exception 'yii\base\InvalidRouteException' with message 'Unable to resolve the request "gii".' in C:\wamp\www\advanced\vendor\yiisoft\yii2\base\Module.php:461
Stack trace:
#0 C:\wamp\www\advanced\vendor\yiisoft\yii2\web\Application.php(84): yii\base\Module->runAction('gii', Array)
#1 C:\wamp\www\advanced\vendor\yiisoft\yii2\base\Application.php(375): yii\web\Application->handleRequest(Object(yii\web\Request))
#2 C:\wamp\www\advanced\frontend\web\index-test.php(18): yii\base\Application->run()
#3 {main}

Next exception 'yii\web\NotFoundHttpException' with message 'Page not found.' in C:\wamp\www\advanced\vendor\yiisoft\yii2\web\Application.php:96
Stack trace:
#0 C:\wamp\www\advanced\vendor\yiisoft\yii2\base\Application.php(375): yii\web\Application->handleRequest(Object(yii\web\Request))
#1 C:\wamp\www\advanced\frontend\web\index-test.php(18): yii\base\Application->run()
#2 {main}
2015-10-25 11:58:41 [::1][-][-][info][application] $_GET = [
    'r' => 'gii'
]

$_COOKIE = [
    'PHPSESSID' => 'e1vvegc53eacgoga8gcr65nqt3'
    '_csrf' => '5b8d310dba8a13951fca3cd7815248d13e388f10c9afe6cd8dd51e88d29a6c77a:2:{i:0;s:5:\"_csrf\";i:1;s:32:\"_lU3iCqZa331VtlZFhw18AAy6H0i3DyC\";}'
]

$_SESSION = [
    '__flash' => []
    '__returnUrl' => '/advanced/backend/web/index-test.php'
]

$_SERVER = [
    'HTTP_HOST' => 'localhost'
    'HTTP_CONNECTION' => 'keep-alive'
    'HTTP_ACCEPT' => 'text/html,application/xhtml+xml,application/xml;q=0.9,image/webp,*/*;q=0.8'
    'HTTP_UPGRADE_INSECURE_REQUESTS' => '1'
    'HTTP_USER_AGENT' => 'Mozilla/5.0 (Windows NT 6.3; WOW64) AppleWebKit/537.36 (KHTML, like Gecko) Chrome/46.0.2490.80 Safari/537.36'
    'HTTP_ACCEPT_ENCODING' => 'gzip, deflate, sdch'
    'HTTP_ACCEPT_LANGUAGE' => 'pt-PT,pt;q=0.8,en-US;q=0.6,en;q=0.4'
    'HTTP_COOKIE' => 'PHPSESSID=e1vvegc53eacgoga8gcr65nqt3; _csrf=5b8d310dba8a13951fca3cd7815248d13e388f10c9afe6cd8dd51e88d29a6c77a%3A2%3A%7Bi%3A0%3Bs%3A5%3A%22_csrf%22%3Bi%3A1%3Bs%3A32%3A%22_lU3iCqZa331VtlZFhw18AAy6H0i3DyC%22%3B%7D'
    'PATH' => 'C:\\Program Files (x86)\\Intel\\iCLS Client\\;C:\\Program Files\\Intel\\iCLS Client\\;C:\\Windows\\system32;C:\\Windows;C:\\Windows\\System32\\Wbem;C:\\Windows\\System32\\WindowsPowerShell\\v1.0\\;C:\\Program Files\\Intel\\Intel(R) Management Engine Components\\DAL;C:\\Program Files\\Intel\\Intel(R) Management Engine Components\\IPT;C:\\Program Files (x86)\\Intel\\Intel(R) Management Engine Components\\DAL;C:\\Program Files (x86)\\Intel\\Intel(R) Management Engine Components\\IPT;C:\\Program Files (x86)\\Windows Kits\\8.1\\Windows Performance Toolkit\\;C:\\Program Files\\Microsoft SQL Server\\110\\Tools\\Binn\\;C:\\Program Files\\Java\\jdk1.8.0_45\\bin;C:\\Windows\\system32\\config\\systemprofile\\.dnx\\bin;C:\\Program Files\\Microsoft DNX\\Dnvm\\;C:\\wamp\\bin\\php\\php5.5.12;C:\\Program Files\\Git\\bin;C:\\ProgramData\\ComposerSetup\\bin;C:\\HashiCorp\\Vagrant\\bin;C:\\Program Files\\Git\\cmd;C:\\Program Files\\Git\\mingw64\\bin;C:\\Program Files\\Git\\usr\\bin'
    'SystemRoot' => 'C:\\Windows'
    'COMSPEC' => 'C:\\Windows\\system32\\cmd.exe'
    'PATHEXT' => '.COM;.EXE;.BAT;.CMD;.VBS;.VBE;.JS;.JSE;.WSF;.WSH;.MSC'
    'WINDIR' => 'C:\\Windows'
    'SERVER_SIGNATURE' => '<address>Apache/2.4.9 (Win64) PHP/5.5.12 Server at localhost Port 80</address>
'
    'SERVER_SOFTWARE' => 'Apache/2.4.9 (Win64) PHP/5.5.12'
    'SERVER_NAME' => 'localhost'
    'SERVER_ADDR' => '::1'
    'SERVER_PORT' => '80'
    'REMOTE_ADDR' => '::1'
    'DOCUMENT_ROOT' => 'C:/wamp/www/'
    'REQUEST_SCHEME' => 'http'
    'CONTEXT_PREFIX' => ''
    'CONTEXT_DOCUMENT_ROOT' => 'C:/wamp/www/'
    'SERVER_ADMIN' => 'admin@example.com'
    'SCRIPT_FILENAME' => 'C:/wamp/www/advanced/frontend/web/index-test.php'
    'REMOTE_PORT' => '25773'
    'GATEWAY_INTERFACE' => 'CGI/1.1'
    'SERVER_PROTOCOL' => 'HTTP/1.1'
    'REQUEST_METHOD' => 'GET'
    'QUERY_STRING' => 'r=gii'
    'REQUEST_URI' => '/advanced/frontend/web/index-test.php?r=gii'
    'SCRIPT_NAME' => '/advanced/frontend/web/index-test.php'
    'PHP_SELF' => '/advanced/frontend/web/index-test.php'
    'REQUEST_TIME_FLOAT' => 1445770721.166
    'REQUEST_TIME' => 1445770721
]
2015-10-25 12:02:33 [::1][-][-][error][yii\db\Exception] exception 'PDOException' with message 'SQLSTATE[HY000] [1045] Access denied for user 'root'@'localhost' (using password: YES)' in C:\wamp\www\advanced\vendor\yiisoft\yii2\db\Connection.php:579
Stack trace:
#0 C:\wamp\www\advanced\vendor\yiisoft\yii2\db\Connection.php(579): PDO->__construct('mysql:host=loca...', 'root', 'root', NULL)
#1 C:\wamp\www\advanced\vendor\yiisoft\yii2\db\Connection.php(529): yii\db\Connection->createPdoInstance()
#2 C:\wamp\www\advanced\vendor\yiisoft\yii2\db\Connection.php(836): yii\db\Connection->open()
#3 C:\wamp\www\advanced\vendor\yiisoft\yii2\db\Connection.php(823): yii\db\Connection->getMasterPdo()
#4 C:\wamp\www\advanced\vendor\yiisoft\yii2\db\Schema.php(477): yii\db\Connection->getSlavePdo()
#5 C:\wamp\www\advanced\vendor\yiisoft\yii2\db\Connection.php(732): yii\db\Schema->quoteValue('demo')
#6 C:\wamp\www\advanced\vendor\yiisoft\yii2\db\Command.php(172): yii\db\Connection->quoteValue('demo')
#7 C:\wamp\www\advanced\vendor\yiisoft\yii2\db\Command.php(806): yii\db\Command->getRawSql()
#8 C:\wamp\www\advanced\vendor\yiisoft\yii2\db\Command.php(373): yii\db\Command->queryInternal('fetch', NULL)
#9 C:\wamp\www\advanced\vendor\yiisoft\yii2\db\Query.php(243): yii\db\Command->queryOne()
#10 C:\wamp\www\advanced\vendor\yiisoft\yii2\db\ActiveQuery.php(300): yii\db\Query->one(NULL)
#11 C:\wamp\www\advanced\vendor\yiisoft\yii2\db\BaseActiveRecord.php(102): yii\db\ActiveQuery->one()
#12 C:\wamp\www\advanced\common\models\User.php(82): yii\db\BaseActiveRecord::findOne(Array)
#13 C:\wamp\www\advanced\common\models\LoginForm.php(73): common\models\User::findByUsername('demo')
#14 C:\wamp\www\advanced\common\models\LoginForm.php(44): common\models\LoginForm->getUser()
#15 [internal function]: common\models\LoginForm->validatePassword('password', NULL)
#16 C:\wamp\www\advanced\vendor\yiisoft\yii2\validators\InlineValidator.php(69): call_user_func(Array, 'password', NULL)
#17 C:\wamp\www\advanced\vendor\yiisoft\yii2\validators\Validator.php(240): yii\validators\InlineValidator->validateAttribute(Object(common\models\LoginForm), 'password')
#18 C:\wamp\www\advanced\vendor\yiisoft\yii2\base\Model.php(352): yii\validators\Validator->validateAttributes(Object(common\models\LoginForm), Array)
#19 C:\wamp\www\advanced\common\models\LoginForm.php(58): yii\base\Model->validate()
#20 C:\wamp\www\advanced\frontend\controllers\SiteController.php(90): common\models\LoginForm->login()
#21 [internal function]: frontend\controllers\SiteController->actionLogin()
#22 C:\wamp\www\advanced\vendor\yiisoft\yii2\base\InlineAction.php(55): call_user_func_array(Array, Array)
#23 C:\wamp\www\advanced\vendor\yiisoft\yii2\base\Controller.php(151): yii\base\InlineAction->runWithParams(Array)
#24 C:\wamp\www\advanced\vendor\yiisoft\yii2\base\Module.php(455): yii\base\Controller->runAction('login', Array)
#25 C:\wamp\www\advanced\vendor\yiisoft\yii2\web\Application.php(84): yii\base\Module->runAction('site/login', Array)
#26 C:\wamp\www\advanced\vendor\yiisoft\yii2\base\Application.php(375): yii\web\Application->handleRequest(Object(yii\web\Request))
#27 C:\wamp\www\advanced\frontend\web\index-test.php(18): yii\base\Application->run()
#28 {main}

Next exception 'yii\db\Exception' with message 'SQLSTATE[HY000] [1045] Access denied for user 'root'@'localhost' (using password: YES)' in C:\wamp\www\advanced\vendor\yiisoft\yii2\db\Connection.php:534
Stack trace:
#0 C:\wamp\www\advanced\vendor\yiisoft\yii2\db\Connection.php(836): yii\db\Connection->open()
#1 C:\wamp\www\advanced\vendor\yiisoft\yii2\db\Connection.php(823): yii\db\Connection->getMasterPdo()
#2 C:\wamp\www\advanced\vendor\yiisoft\yii2\db\Schema.php(477): yii\db\Connection->getSlavePdo()
#3 C:\wamp\www\advanced\vendor\yiisoft\yii2\db\Connection.php(732): yii\db\Schema->quoteValue('demo')
#4 C:\wamp\www\advanced\vendor\yiisoft\yii2\db\Command.php(172): yii\db\Connection->quoteValue('demo')
#5 C:\wamp\www\advanced\vendor\yiisoft\yii2\db\Command.php(806): yii\db\Command->getRawSql()
#6 C:\wamp\www\advanced\vendor\yiisoft\yii2\db\Command.php(373): yii\db\Command->queryInternal('fetch', NULL)
#7 C:\wamp\www\advanced\vendor\yiisoft\yii2\db\Query.php(243): yii\db\Command->queryOne()
#8 C:\wamp\www\advanced\vendor\yiisoft\yii2\db\ActiveQuery.php(300): yii\db\Query->one(NULL)
#9 C:\wamp\www\advanced\vendor\yiisoft\yii2\db\BaseActiveRecord.php(102): yii\db\ActiveQuery->one()
#10 C:\wamp\www\advanced\common\models\User.php(82): yii\db\BaseActiveRecord::findOne(Array)
#11 C:\wamp\www\advanced\common\models\LoginForm.php(73): common\models\User::findByUsername('demo')
#12 C:\wamp\www\advanced\common\models\LoginForm.php(44): common\models\LoginForm->getUser()
#13 [internal function]: common\models\LoginForm->validatePassword('password', NULL)
#14 C:\wamp\www\advanced\vendor\yiisoft\yii2\validators\InlineValidator.php(69): call_user_func(Array, 'password', NULL)
#15 C:\wamp\www\advanced\vendor\yiisoft\yii2\validators\Validator.php(240): yii\validators\InlineValidator->validateAttribute(Object(common\models\LoginForm), 'password')
#16 C:\wamp\www\advanced\vendor\yiisoft\yii2\base\Model.php(352): yii\validators\Validator->validateAttributes(Object(common\models\LoginForm), Array)
#17 C:\wamp\www\advanced\common\models\LoginForm.php(58): yii\base\Model->validate()
#18 C:\wamp\www\advanced\frontend\controllers\SiteController.php(90): common\models\LoginForm->login()
#19 [internal function]: frontend\controllers\SiteController->actionLogin()
#20 C:\wamp\www\advanced\vendor\yiisoft\yii2\base\InlineAction.php(55): call_user_func_array(Array, Array)
#21 C:\wamp\www\advanced\vendor\yiisoft\yii2\base\Controller.php(151): yii\base\InlineAction->runWithParams(Array)
#22 C:\wamp\www\advanced\vendor\yiisoft\yii2\base\Module.php(455): yii\base\Controller->runAction('login', Array)
#23 C:\wamp\www\advanced\vendor\yiisoft\yii2\web\Application.php(84): yii\base\Module->runAction('site/login', Array)
#24 C:\wamp\www\advanced\vendor\yiisoft\yii2\base\Application.php(375): yii\web\Application->handleRequest(Object(yii\web\Request))
#25 C:\wamp\www\advanced\frontend\web\index-test.php(18): yii\base\Application->run()
#26 {main}
Additional Information:

2015-10-25 12:02:33 [::1][-][-][info][application] $_GET = [
    'r' => 'site/login'
]

$_POST = [
    '_csrf' => 'TnRJN3F3M2MRGBwEGDRCOS9HegYnA185CBw.Bkk2chp4PHleQjNKIA=='
    'LoginForm' => [
        'username' => 'demo'
        'password' => 'demo'
        'rememberMe' => '1'
    ]
    'login-button' => ''
]

$_COOKIE = [
    'PHPSESSID' => 'e1vvegc53eacgoga8gcr65nqt3'
    '_csrf' => '5b8d310dba8a13951fca3cd7815248d13e388f10c9afe6cd8dd51e88d29a6c77a:2:{i:0;s:5:\"_csrf\";i:1;s:32:\"_lU3iCqZa331VtlZFhw18AAy6H0i3DyC\";}'
]

$_SESSION = [
    '__flash' => []
    '__returnUrl' => '/advanced/backend/web/index-test.php'
]

$_SERVER = [
    'HTTP_HOST' => 'localhost'
    'HTTP_CONNECTION' => 'keep-alive'
    'CONTENT_LENGTH' => '194'
    'HTTP_CACHE_CONTROL' => 'max-age=0'
    'HTTP_ACCEPT' => 'text/html,application/xhtml+xml,application/xml;q=0.9,image/webp,*/*;q=0.8'
    'HTTP_ORIGIN' => 'http://localhost'
    'HTTP_UPGRADE_INSECURE_REQUESTS' => '1'
    'HTTP_USER_AGENT' => 'Mozilla/5.0 (Windows NT 6.3; WOW64) AppleWebKit/537.36 (KHTML, like Gecko) Chrome/46.0.2490.80 Safari/537.36'
    'CONTENT_TYPE' => 'application/x-www-form-urlencoded'
    'HTTP_REFERER' => 'http://localhost/advanced/frontend/web/index-test.php?r=site%2Flogin'
    'HTTP_ACCEPT_ENCODING' => 'gzip, deflate'
    'HTTP_ACCEPT_LANGUAGE' => 'pt-PT,pt;q=0.8,en-US;q=0.6,en;q=0.4'
    'HTTP_COOKIE' => 'PHPSESSID=e1vvegc53eacgoga8gcr65nqt3; _csrf=5b8d310dba8a13951fca3cd7815248d13e388f10c9afe6cd8dd51e88d29a6c77a%3A2%3A%7Bi%3A0%3Bs%3A5%3A%22_csrf%22%3Bi%3A1%3Bs%3A32%3A%22_lU3iCqZa331VtlZFhw18AAy6H0i3DyC%22%3B%7D'
    'PATH' => 'C:\\Program Files (x86)\\Intel\\iCLS Client\\;C:\\Program Files\\Intel\\iCLS Client\\;C:\\Windows\\system32;C:\\Windows;C:\\Windows\\System32\\Wbem;C:\\Windows\\System32\\WindowsPowerShell\\v1.0\\;C:\\Program Files\\Intel\\Intel(R) Management Engine Components\\DAL;C:\\Program Files\\Intel\\Intel(R) Management Engine Components\\IPT;C:\\Program Files (x86)\\Intel\\Intel(R) Management Engine Components\\DAL;C:\\Program Files (x86)\\Intel\\Intel(R) Management Engine Components\\IPT;C:\\Program Files (x86)\\Windows Kits\\8.1\\Windows Performance Toolkit\\;C:\\Program Files\\Microsoft SQL Server\\110\\Tools\\Binn\\;C:\\Program Files\\Java\\jdk1.8.0_45\\bin;C:\\Windows\\system32\\config\\systemprofile\\.dnx\\bin;C:\\Program Files\\Microsoft DNX\\Dnvm\\;C:\\wamp\\bin\\php\\php5.5.12;C:\\Program Files\\Git\\bin;C:\\ProgramData\\ComposerSetup\\bin;C:\\HashiCorp\\Vagrant\\bin;C:\\Program Files\\Git\\cmd;C:\\Program Files\\Git\\mingw64\\bin;C:\\Program Files\\Git\\usr\\bin'
    'SystemRoot' => 'C:\\Windows'
    'COMSPEC' => 'C:\\Windows\\system32\\cmd.exe'
    'PATHEXT' => '.COM;.EXE;.BAT;.CMD;.VBS;.VBE;.JS;.JSE;.WSF;.WSH;.MSC'
    'WINDIR' => 'C:\\Windows'
    'SERVER_SIGNATURE' => '<address>Apache/2.4.9 (Win64) PHP/5.5.12 Server at localhost Port 80</address>
'
    'SERVER_SOFTWARE' => 'Apache/2.4.9 (Win64) PHP/5.5.12'
    'SERVER_NAME' => 'localhost'
    'SERVER_ADDR' => '::1'
    'SERVER_PORT' => '80'
    'REMOTE_ADDR' => '::1'
    'DOCUMENT_ROOT' => 'C:/wamp/www/'
    'REQUEST_SCHEME' => 'http'
    'CONTEXT_PREFIX' => ''
    'CONTEXT_DOCUMENT_ROOT' => 'C:/wamp/www/'
    'SERVER_ADMIN' => 'admin@example.com'
    'SCRIPT_FILENAME' => 'C:/wamp/www/advanced/frontend/web/index-test.php'
    'REMOTE_PORT' => '25800'
    'GATEWAY_INTERFACE' => 'CGI/1.1'
    'SERVER_PROTOCOL' => 'HTTP/1.1'
    'REQUEST_METHOD' => 'POST'
    'QUERY_STRING' => 'r=site%2Flogin'
    'REQUEST_URI' => '/advanced/frontend/web/index-test.php?r=site%2Flogin'
    'SCRIPT_NAME' => '/advanced/frontend/web/index-test.php'
    'PHP_SELF' => '/advanced/frontend/web/index-test.php'
    'REQUEST_TIME_FLOAT' => 1445770953.71
    'REQUEST_TIME' => 1445770953
]
2015-10-25 12:05:08 [::1][-][-][error][yii\db\Exception] exception 'PDOException' with message 'SQLSTATE[HY000] [1045] Access denied for user 'root'@'localhost' (using password: YES)' in C:\wamp\www\advanced\vendor\yiisoft\yii2\db\Connection.php:579
Stack trace:
#0 C:\wamp\www\advanced\vendor\yiisoft\yii2\db\Connection.php(579): PDO->__construct('mysql:host=loca...', 'root', '123', NULL)
#1 C:\wamp\www\advanced\vendor\yiisoft\yii2\db\Connection.php(529): yii\db\Connection->createPdoInstance()
#2 C:\wamp\www\advanced\vendor\yiisoft\yii2\db\Connection.php(836): yii\db\Connection->open()
#3 C:\wamp\www\advanced\vendor\yiisoft\yii2\db\Connection.php(823): yii\db\Connection->getMasterPdo()
#4 C:\wamp\www\advanced\vendor\yiisoft\yii2\db\Schema.php(477): yii\db\Connection->getSlavePdo()
#5 C:\wamp\www\advanced\vendor\yiisoft\yii2\db\Connection.php(732): yii\db\Schema->quoteValue('root')
#6 C:\wamp\www\advanced\vendor\yiisoft\yii2\db\Command.php(172): yii\db\Connection->quoteValue('root')
#7 C:\wamp\www\advanced\vendor\yiisoft\yii2\db\Command.php(806): yii\db\Command->getRawSql()
#8 C:\wamp\www\advanced\vendor\yiisoft\yii2\db\Command.php(373): yii\db\Command->queryInternal('fetch', NULL)
#9 C:\wamp\www\advanced\vendor\yiisoft\yii2\db\Query.php(243): yii\db\Command->queryOne()
#10 C:\wamp\www\advanced\vendor\yiisoft\yii2\db\ActiveQuery.php(300): yii\db\Query->one(NULL)
#11 C:\wamp\www\advanced\vendor\yiisoft\yii2\db\BaseActiveRecord.php(102): yii\db\ActiveQuery->one()
#12 C:\wamp\www\advanced\common\models\User.php(82): yii\db\BaseActiveRecord::findOne(Array)
#13 C:\wamp\www\advanced\common\models\LoginForm.php(73): common\models\User::findByUsername('root')
#14 C:\wamp\www\advanced\common\models\LoginForm.php(44): common\models\LoginForm->getUser()
#15 [internal function]: common\models\LoginForm->validatePassword('password', NULL)
#16 C:\wamp\www\advanced\vendor\yiisoft\yii2\validators\InlineValidator.php(69): call_user_func(Array, 'password', NULL)
#17 C:\wamp\www\advanced\vendor\yiisoft\yii2\validators\Validator.php(240): yii\validators\InlineValidator->validateAttribute(Object(common\models\LoginForm), 'password')
#18 C:\wamp\www\advanced\vendor\yiisoft\yii2\base\Model.php(352): yii\validators\Validator->validateAttributes(Object(common\models\LoginForm), Array)
#19 C:\wamp\www\advanced\common\models\LoginForm.php(58): yii\base\Model->validate()
#20 C:\wamp\www\advanced\frontend\controllers\SiteController.php(90): common\models\LoginForm->login()
#21 [internal function]: frontend\controllers\SiteController->actionLogin()
#22 C:\wamp\www\advanced\vendor\yiisoft\yii2\base\InlineAction.php(55): call_user_func_array(Array, Array)
#23 C:\wamp\www\advanced\vendor\yiisoft\yii2\base\Controller.php(151): yii\base\InlineAction->runWithParams(Array)
#24 C:\wamp\www\advanced\vendor\yiisoft\yii2\base\Module.php(455): yii\base\Controller->runAction('login', Array)
#25 C:\wamp\www\advanced\vendor\yiisoft\yii2\web\Application.php(84): yii\base\Module->runAction('site/login', Array)
#26 C:\wamp\www\advanced\vendor\yiisoft\yii2\base\Application.php(375): yii\web\Application->handleRequest(Object(yii\web\Request))
#27 C:\wamp\www\advanced\frontend\web\index-test.php(18): yii\base\Application->run()
#28 {main}

Next exception 'yii\db\Exception' with message 'SQLSTATE[HY000] [1045] Access denied for user 'root'@'localhost' (using password: YES)' in C:\wamp\www\advanced\vendor\yiisoft\yii2\db\Connection.php:534
Stack trace:
#0 C:\wamp\www\advanced\vendor\yiisoft\yii2\db\Connection.php(836): yii\db\Connection->open()
#1 C:\wamp\www\advanced\vendor\yiisoft\yii2\db\Connection.php(823): yii\db\Connection->getMasterPdo()
#2 C:\wamp\www\advanced\vendor\yiisoft\yii2\db\Schema.php(477): yii\db\Connection->getSlavePdo()
#3 C:\wamp\www\advanced\vendor\yiisoft\yii2\db\Connection.php(732): yii\db\Schema->quoteValue('root')
#4 C:\wamp\www\advanced\vendor\yiisoft\yii2\db\Command.php(172): yii\db\Connection->quoteValue('root')
#5 C:\wamp\www\advanced\vendor\yiisoft\yii2\db\Command.php(806): yii\db\Command->getRawSql()
#6 C:\wamp\www\advanced\vendor\yiisoft\yii2\db\Command.php(373): yii\db\Command->queryInternal('fetch', NULL)
#7 C:\wamp\www\advanced\vendor\yiisoft\yii2\db\Query.php(243): yii\db\Command->queryOne()
#8 C:\wamp\www\advanced\vendor\yiisoft\yii2\db\ActiveQuery.php(300): yii\db\Query->one(NULL)
#9 C:\wamp\www\advanced\vendor\yiisoft\yii2\db\BaseActiveRecord.php(102): yii\db\ActiveQuery->one()
#10 C:\wamp\www\advanced\common\models\User.php(82): yii\db\BaseActiveRecord::findOne(Array)
#11 C:\wamp\www\advanced\common\models\LoginForm.php(73): common\models\User::findByUsername('root')
#12 C:\wamp\www\advanced\common\models\LoginForm.php(44): common\models\LoginForm->getUser()
#13 [internal function]: common\models\LoginForm->validatePassword('password', NULL)
#14 C:\wamp\www\advanced\vendor\yiisoft\yii2\validators\InlineValidator.php(69): call_user_func(Array, 'password', NULL)
#15 C:\wamp\www\advanced\vendor\yiisoft\yii2\validators\Validator.php(240): yii\validators\InlineValidator->validateAttribute(Object(common\models\LoginForm), 'password')
#16 C:\wamp\www\advanced\vendor\yiisoft\yii2\base\Model.php(352): yii\validators\Validator->validateAttributes(Object(common\models\LoginForm), Array)
#17 C:\wamp\www\advanced\common\models\LoginForm.php(58): yii\base\Model->validate()
#18 C:\wamp\www\advanced\frontend\controllers\SiteController.php(90): common\models\LoginForm->login()
#19 [internal function]: frontend\controllers\SiteController->actionLogin()
#20 C:\wamp\www\advanced\vendor\yiisoft\yii2\base\InlineAction.php(55): call_user_func_array(Array, Array)
#21 C:\wamp\www\advanced\vendor\yiisoft\yii2\base\Controller.php(151): yii\base\InlineAction->runWithParams(Array)
#22 C:\wamp\www\advanced\vendor\yiisoft\yii2\base\Module.php(455): yii\base\Controller->runAction('login', Array)
#23 C:\wamp\www\advanced\vendor\yiisoft\yii2\web\Application.php(84): yii\base\Module->runAction('site/login', Array)
#24 C:\wamp\www\advanced\vendor\yiisoft\yii2\base\Application.php(375): yii\web\Application->handleRequest(Object(yii\web\Request))
#25 C:\wamp\www\advanced\frontend\web\index-test.php(18): yii\base\Application->run()
#26 {main}
Additional Information:

2015-10-25 12:05:07 [::1][-][-][info][application] $_GET = [
    'r' => 'site/login'
]

$_POST = [
    '_csrf' => 'T2doQ29WNjUQCz1wBhVHby5UW3I5IlpvCQ8fclcXd0x5L1gqXBJPdg=='
    'LoginForm' => [
        'username' => 'root'
        'password' => '123'
        'rememberMe' => '1'
    ]
    'login-button' => ''
]

$_COOKIE = [
    'PHPSESSID' => 'e1vvegc53eacgoga8gcr65nqt3'
    '_csrf' => '5b8d310dba8a13951fca3cd7815248d13e388f10c9afe6cd8dd51e88d29a6c77a:2:{i:0;s:5:\"_csrf\";i:1;s:32:\"_lU3iCqZa331VtlZFhw18AAy6H0i3DyC\";}'
]

$_SESSION = [
    '__flash' => []
    '__returnUrl' => '/advanced/backend/web/index-test.php'
]

$_SERVER = [
    'HTTP_HOST' => 'localhost'
    'HTTP_CONNECTION' => 'keep-alive'
    'CONTENT_LENGTH' => '193'
    'HTTP_CACHE_CONTROL' => 'max-age=0'
    'HTTP_ACCEPT' => 'text/html,application/xhtml+xml,application/xml;q=0.9,image/webp,*/*;q=0.8'
    'HTTP_ORIGIN' => 'http://localhost'
    'HTTP_UPGRADE_INSECURE_REQUESTS' => '1'
    'HTTP_USER_AGENT' => 'Mozilla/5.0 (Windows NT 6.3; WOW64) AppleWebKit/537.36 (KHTML, like Gecko) Chrome/46.0.2490.80 Safari/537.36'
    'CONTENT_TYPE' => 'application/x-www-form-urlencoded'
    'HTTP_REFERER' => 'http://localhost/advanced/frontend/web/index-test.php?r=site%2Flogin'
    'HTTP_ACCEPT_ENCODING' => 'gzip, deflate'
    'HTTP_ACCEPT_LANGUAGE' => 'pt-PT,pt;q=0.8,en-US;q=0.6,en;q=0.4'
    'HTTP_COOKIE' => 'PHPSESSID=e1vvegc53eacgoga8gcr65nqt3; _csrf=5b8d310dba8a13951fca3cd7815248d13e388f10c9afe6cd8dd51e88d29a6c77a%3A2%3A%7Bi%3A0%3Bs%3A5%3A%22_csrf%22%3Bi%3A1%3Bs%3A32%3A%22_lU3iCqZa331VtlZFhw18AAy6H0i3DyC%22%3B%7D'
    'PATH' => 'C:\\Program Files (x86)\\Intel\\iCLS Client\\;C:\\Program Files\\Intel\\iCLS Client\\;C:\\Windows\\system32;C:\\Windows;C:\\Windows\\System32\\Wbem;C:\\Windows\\System32\\WindowsPowerShell\\v1.0\\;C:\\Program Files\\Intel\\Intel(R) Management Engine Components\\DAL;C:\\Program Files\\Intel\\Intel(R) Management Engine Components\\IPT;C:\\Program Files (x86)\\Intel\\Intel(R) Management Engine Components\\DAL;C:\\Program Files (x86)\\Intel\\Intel(R) Management Engine Components\\IPT;C:\\Program Files (x86)\\Windows Kits\\8.1\\Windows Performance Toolkit\\;C:\\Program Files\\Microsoft SQL Server\\110\\Tools\\Binn\\;C:\\Program Files\\Java\\jdk1.8.0_45\\bin;C:\\Windows\\system32\\config\\systemprofile\\.dnx\\bin;C:\\Program Files\\Microsoft DNX\\Dnvm\\;C:\\wamp\\bin\\php\\php5.5.12;C:\\Program Files\\Git\\bin;C:\\ProgramData\\ComposerSetup\\bin;C:\\HashiCorp\\Vagrant\\bin;C:\\Program Files\\Git\\cmd;C:\\Program Files\\Git\\mingw64\\bin;C:\\Program Files\\Git\\usr\\bin'
    'SystemRoot' => 'C:\\Windows'
    'COMSPEC' => 'C:\\Windows\\system32\\cmd.exe'
    'PATHEXT' => '.COM;.EXE;.BAT;.CMD;.VBS;.VBE;.JS;.JSE;.WSF;.WSH;.MSC'
    'WINDIR' => 'C:\\Windows'
    'SERVER_SIGNATURE' => '<address>Apache/2.4.9 (Win64) PHP/5.5.12 Server at localhost Port 80</address>
'
    'SERVER_SOFTWARE' => 'Apache/2.4.9 (Win64) PHP/5.5.12'
    'SERVER_NAME' => 'localhost'
    'SERVER_ADDR' => '::1'
    'SERVER_PORT' => '80'
    'REMOTE_ADDR' => '::1'
    'DOCUMENT_ROOT' => 'C:/wamp/www/'
    'REQUEST_SCHEME' => 'http'
    'CONTEXT_PREFIX' => ''
    'CONTEXT_DOCUMENT_ROOT' => 'C:/wamp/www/'
    'SERVER_ADMIN' => 'admin@example.com'
    'SCRIPT_FILENAME' => 'C:/wamp/www/advanced/frontend/web/index-test.php'
    'REMOTE_PORT' => '25830'
    'GATEWAY_INTERFACE' => 'CGI/1.1'
    'SERVER_PROTOCOL' => 'HTTP/1.1'
    'REQUEST_METHOD' => 'POST'
    'QUERY_STRING' => 'r=site%2Flogin'
    'REQUEST_URI' => '/advanced/frontend/web/index-test.php?r=site%2Flogin'
    'SCRIPT_NAME' => '/advanced/frontend/web/index-test.php'
    'PHP_SELF' => '/advanced/frontend/web/index-test.php'
    'REQUEST_TIME_FLOAT' => 1445771107.907
    'REQUEST_TIME' => 1445771107
]
2015-10-26 16:46:30 [::1][-][-][error][yii\db\Exception] exception 'PDOException' with message 'SQLSTATE[HY000] [1045] Access denied for user 'root'@'localhost' (using password: YES)' in C:\wamp\www\advanced\vendor\yiisoft\yii2\db\Connection.php:579
Stack trace:
#0 C:\wamp\www\advanced\vendor\yiisoft\yii2\db\Connection.php(579): PDO->__construct('mysql:host=loca...', 'root', 'root', NULL)
#1 C:\wamp\www\advanced\vendor\yiisoft\yii2\db\Connection.php(529): yii\db\Connection->createPdoInstance()
#2 C:\wamp\www\advanced\vendor\yiisoft\yii2\db\Connection.php(836): yii\db\Connection->open()
#3 C:\wamp\www\advanced\vendor\yiisoft\yii2\db\Connection.php(823): yii\db\Connection->getMasterPdo()
#4 C:\wamp\www\advanced\vendor\yiisoft\yii2\db\Command.php(216): yii\db\Connection->getSlavePdo()
#5 C:\wamp\www\advanced\vendor\yiisoft\yii2\db\Command.php(831): yii\db\Command->prepare('<span class="ke...')
#6 C:\wamp\www\advanced\vendor\yiisoft\yii2\db\Command.php(402): yii\db\Command->queryInternal('<span class="st...', '<span class="nu...')
#7 C:\wamp\www\advanced\vendor\yiisoft\yii2\db\mysql\Schema.php(308): yii\db\Command->queryColumn()
#8 C:\wamp\www\advanced\vendor\yiisoft\yii2\db\Schema.php(228): yii\db\mysql\Schema->findTableNames('<span class="st...')
#9 C:\wamp\www\advanced\vendor\yiisoft\yii2-gii\generators\model\Generator.php(151): yii\db\Schema->getTableNames()
#10 [internal function]: yii\gii\generators\model\Generator->yii\gii\generators\model\{closure}()
#11 C:\wamp\www\advanced\vendor\yiisoft\yii2-gii\components\ActiveField.php(41): call_user_func(Object(Closure))
#12 C:\wamp\www\advanced\vendor\yiisoft\yii2\base\Object.php(107): yii\gii\components\ActiveField->init()
#13 [internal function]: yii\base\Object->__construct('[<span class="s...')
#14 C:\wamp\www\advanced\vendor\yiisoft\yii2\di\Container.php(372): ReflectionClass->newInstanceArgs('[[<span class="...')
#15 C:\wamp\www\advanced\vendor\yiisoft\yii2\di\Container.php(151): yii\di\Container->build('<span class="st...', '[]', '[<span class="s...')
#16 C:\wamp\www\advanced\vendor\yiisoft\yii2\BaseYii.php(344): yii\di\Container->get('<span class="st...', '[]', '[<span class="s...')
#17 C:\wamp\www\advanced\vendor\yiisoft\yii2\widgets\ActiveForm.php(288): yii\BaseYii::createObject('[<span class="s...')
#18 C:\wamp\www\advanced\vendor\yiisoft\yii2-gii\generators\model\form.php(6): yii\widgets\ActiveForm->field(Object(yii\gii\generators\model\Generator), '<span class="st...')
#19 C:\wamp\www\advanced\vendor\yiisoft\yii2\base\View.php(325): require('C:\\wamp\\www\\adv...')
#20 C:\wamp\www\advanced\vendor\yiisoft\yii2\base\View.php(247): yii\base\View->renderPhpFile('<span class="st...', '[<span class="s...')
#21 C:\wamp\www\advanced\vendor\yiisoft\yii2-gii\views\default\view.php(38): yii\base\View->renderFile('<span class="st...', '[<span class="s...')
#22 C:\wamp\www\advanced\vendor\yiisoft\yii2\base\View.php(325): require('C:\\wamp\\www\\adv...')
#23 C:\wamp\www\advanced\vendor\yiisoft\yii2\base\View.php(247): yii\base\View->renderPhpFile('<span class="st...', '[<span class="s...')
#24 C:\wamp\www\advanced\vendor\yiisoft\yii2\base\View.php(149): yii\base\View->renderFile('<span class="st...', '[<span class="s...', Object(yii\gii\controllers\DefaultController))
#25 C:\wamp\www\advanced\vendor\yiisoft\yii2\base\Controller.php(371): yii\base\View->render('<span class="st...', '[<span class="s...', Object(yii\gii\controllers\DefaultController))
#26 C:\wamp\www\advanced\vendor\yiisoft\yii2-gii\controllers\DefaultController.php(56): yii\base\Controller->render('<span class="st...', '[<span class="s...')
#27 [internal function]: yii\gii\controllers\DefaultController->actionView('<span class="st...')
#28 C:\wamp\www\advanced\vendor\yiisoft\yii2\base\InlineAction.php(55): call_user_func_array('[<span class="t...', '[<span class="s...')
#29 C:\wamp\www\advanced\vendor\yiisoft\yii2\base\Controller.php(151): yii\base\InlineAction->runWithParams('[<span class="s...')
#30 C:\wamp\www\advanced\vendor\yiisoft\yii2\base\Module.php(455): yii\base\Controller->runAction('<span class="st...', '[<span class="s...')
#31 C:\wamp\www\advanced\vendor\yiisoft\yii2\web\Application.php(84): yii\base\Module->runAction('<span class="st...', '[<span class="s...')
#32 C:\wamp\www\advanced\vendor\yiisoft\yii2\base\Application.php(375): yii\web\Application->handleRequest(Object(yii\web\Request))
#33 C:\wamp\www\advanced\frontend\web\index.php(18): yii\base\Application->run()
#34 {main}

Next exception 'yii\db\Exception' with message 'SQLSTATE[HY000] [1045] Access denied for user 'root'@'localhost' (using password: YES)' in C:\wamp\www\advanced\vendor\yiisoft\yii2\db\Connection.php:534
Stack trace:
#0 C:\wamp\www\advanced\vendor\yiisoft\yii2\db\Connection.php(836): yii\db\Connection->open()
#1 C:\wamp\www\advanced\vendor\yiisoft\yii2\db\Connection.php(823): yii\db\Connection->getMasterPdo()
#2 C:\wamp\www\advanced\vendor\yiisoft\yii2\db\Command.php(216): yii\db\Connection->getSlavePdo()
#3 C:\wamp\www\advanced\vendor\yiisoft\yii2\db\Command.php(831): yii\db\Command->prepare('<span class="ke...')
#4 C:\wamp\www\advanced\vendor\yiisoft\yii2\db\Command.php(402): yii\db\Command->queryInternal('<span class="st...', '<span class="nu...')
#5 C:\wamp\www\advanced\vendor\yiisoft\yii2\db\mysql\Schema.php(308): yii\db\Command->queryColumn()
#6 C:\wamp\www\advanced\vendor\yiisoft\yii2\db\Schema.php(228): yii\db\mysql\Schema->findTableNames('<span class="st...')
#7 C:\wamp\www\advanced\vendor\yiisoft\yii2-gii\generators\model\Generator.php(151): yii\db\Schema->getTableNames()
#8 [internal function]: yii\gii\generators\model\Generator->yii\gii\generators\model\{closure}()
#9 C:\wamp\www\advanced\vendor\yiisoft\yii2-gii\components\ActiveField.php(41): call_user_func(Object(Closure))
#10 C:\wamp\www\advanced\vendor\yiisoft\yii2\base\Object.php(107): yii\gii\components\ActiveField->init()
#11 [internal function]: yii\base\Object->__construct('[<span class="s...')
#12 C:\wamp\www\advanced\vendor\yiisoft\yii2\di\Container.php(372): ReflectionClass->newInstanceArgs('[[<span class="...')
#13 C:\wamp\www\advanced\vendor\yiisoft\yii2\di\Container.php(151): yii\di\Container->build('<span class="st...', '[]', '[<span class="s...')
#14 C:\wamp\www\advanced\vendor\yiisoft\yii2\BaseYii.php(344): yii\di\Container->get('<span class="st...', '[]', '[<span class="s...')
#15 C:\wamp\www\advanced\vendor\yiisoft\yii2\widgets\ActiveForm.php(288): yii\BaseYii::createObject('[<span class="s...')
#16 C:\wamp\www\advanced\vendor\yiisoft\yii2-gii\generators\model\form.php(6): yii\widgets\ActiveForm->field(Object(yii\gii\generators\model\Generator), '<span class="st...')
#17 C:\wamp\www\advanced\vendor\yiisoft\yii2\base\View.php(325): require('C:\\wamp\\www\\adv...')
#18 C:\wamp\www\advanced\vendor\yiisoft\yii2\base\View.php(247): yii\base\View->renderPhpFile('<span class="st...', '[<span class="s...')
#19 C:\wamp\www\advanced\vendor\yiisoft\yii2-gii\views\default\view.php(38): yii\base\View->renderFile('<span class="st...', '[<span class="s...')
#20 C:\wamp\www\advanced\vendor\yiisoft\yii2\base\View.php(325): require('C:\\wamp\\www\\adv...')
#21 C:\wamp\www\advanced\vendor\yiisoft\yii2\base\View.php(247): yii\base\View->renderPhpFile('<span class="st...', '[<span class="s...')
#22 C:\wamp\www\advanced\vendor\yiisoft\yii2\base\View.php(149): yii\base\View->renderFile('<span class="st...', '[<span class="s...', Object(yii\gii\controllers\DefaultController))
#23 C:\wamp\www\advanced\vendor\yiisoft\yii2\base\Controller.php(371): yii\base\View->render('<span class="st...', '[<span class="s...', Object(yii\gii\controllers\DefaultController))
#24 C:\wamp\www\advanced\vendor\yiisoft\yii2-gii\controllers\DefaultController.php(56): yii\base\Controller->render('<span class="st...', '[<span class="s...')
#25 [internal function]: yii\gii\controllers\DefaultController->actionView('<span class="st...')
#26 C:\wamp\www\advanced\vendor\yiisoft\yii2\base\InlineAction.php(55): call_user_func_array('[<span class="t...', '[<span class="s...')
#27 C:\wamp\www\advanced\vendor\yiisoft\yii2\base\Controller.php(151): yii\base\InlineAction->runWithParams('[<span class="s...')
#28 C:\wamp\www\advanced\vendor\yiisoft\yii2\base\Module.php(455): yii\base\Controller->runAction('<span class="st...', '[<span class="s...')
#29 C:\wamp\www\advanced\vendor\yiisoft\yii2\web\Application.php(84): yii\base\Module->runAction('<span class="st...', '[<span class="s...')
#30 C:\wamp\www\advanced\vendor\yiisoft\yii2\base\Application.php(375): yii\web\Application->handleRequest(Object(yii\web\Request))
#31 C:\wamp\www\advanced\frontend\web\index.php(18): yii\base\Application->run()
#32 {main}
Additional Information:

2015-10-26 16:46:29 [::1][-][-][info][application] $_GET = [
    'r' => 'gii/default/view'
    'id' => 'model'
]

$_COOKIE = [
    'PHPSESSID' => 'e1vvegc53eacgoga8gcr65nqt3'
    '_csrf' => '5b8d310dba8a13951fca3cd7815248d13e388f10c9afe6cd8dd51e88d29a6c77a:2:{i:0;s:5:\"_csrf\";i:1;s:32:\"_lU3iCqZa331VtlZFhw18AAy6H0i3DyC\";}'
]

$_SERVER = [
    'HTTP_HOST' => 'localhost'
    'HTTP_CONNECTION' => 'keep-alive'
    'HTTP_ACCEPT' => 'text/html,application/xhtml+xml,application/xml;q=0.9,image/webp,*/*;q=0.8'
    'HTTP_UPGRADE_INSECURE_REQUESTS' => '1'
    'HTTP_USER_AGENT' => 'Mozilla/5.0 (Windows NT 6.3; WOW64) AppleWebKit/537.36 (KHTML, like Gecko) Chrome/46.0.2490.80 Safari/537.36'
    'HTTP_REFERER' => 'http://localhost/advanced/frontend/web/index.php?r=gii'
    'HTTP_ACCEPT_ENCODING' => 'gzip, deflate, sdch'
    'HTTP_ACCEPT_LANGUAGE' => 'pt-PT,pt;q=0.8,en-US;q=0.6,en;q=0.4'
    'HTTP_COOKIE' => 'PHPSESSID=e1vvegc53eacgoga8gcr65nqt3; _csrf=5b8d310dba8a13951fca3cd7815248d13e388f10c9afe6cd8dd51e88d29a6c77a%3A2%3A%7Bi%3A0%3Bs%3A5%3A%22_csrf%22%3Bi%3A1%3Bs%3A32%3A%22_lU3iCqZa331VtlZFhw18AAy6H0i3DyC%22%3B%7D'
    'PATH' => 'C:\\Program Files (x86)\\Intel\\iCLS Client\\;C:\\Program Files\\Intel\\iCLS Client\\;C:\\Windows\\system32;C:\\Windows;C:\\Windows\\System32\\Wbem;C:\\Windows\\System32\\WindowsPowerShell\\v1.0\\;C:\\Program Files\\Intel\\Intel(R) Management Engine Components\\DAL;C:\\Program Files\\Intel\\Intel(R) Management Engine Components\\IPT;C:\\Program Files (x86)\\Intel\\Intel(R) Management Engine Components\\DAL;C:\\Program Files (x86)\\Intel\\Intel(R) Management Engine Components\\IPT;C:\\Program Files (x86)\\Windows Kits\\8.1\\Windows Performance Toolkit\\;C:\\Program Files\\Microsoft SQL Server\\110\\Tools\\Binn\\;C:\\Program Files\\Java\\jdk1.8.0_45\\bin;C:\\Windows\\system32\\config\\systemprofile\\.dnx\\bin;C:\\Program Files\\Microsoft DNX\\Dnvm\\;C:\\wamp\\bin\\php\\php5.5.12;C:\\ProgramData\\ComposerSetup\\bin;C:\\HashiCorp\\Vagrant\\bin;C:\\Program Files\\Git\\cmd;C:\\Program Files\\Git\\mingw64\\bin;C:\\Program Files\\Git\\usr\\bin;'
    'SystemRoot' => 'C:\\Windows'
    'COMSPEC' => 'C:\\Windows\\system32\\cmd.exe'
    'PATHEXT' => '.COM;.EXE;.BAT;.CMD;.VBS;.VBE;.JS;.JSE;.WSF;.WSH;.MSC'
    'WINDIR' => 'C:\\Windows'
    'SERVER_SIGNATURE' => '<address>Apache/2.4.9 (Win64) PHP/5.5.12 Server at localhost Port 80</address>
'
    'SERVER_SOFTWARE' => 'Apache/2.4.9 (Win64) PHP/5.5.12'
    'SERVER_NAME' => 'localhost'
    'SERVER_ADDR' => '::1'
    'SERVER_PORT' => '80'
    'REMOTE_ADDR' => '::1'
    'DOCUMENT_ROOT' => 'C:/wamp/www/'
    'REQUEST_SCHEME' => 'http'
    'CONTEXT_PREFIX' => ''
    'CONTEXT_DOCUMENT_ROOT' => 'C:/wamp/www/'
    'SERVER_ADMIN' => 'admin@example.com'
    'SCRIPT_FILENAME' => 'C:/wamp/www/advanced/frontend/web/index.php'
    'REMOTE_PORT' => '7746'
    'GATEWAY_INTERFACE' => 'CGI/1.1'
    'SERVER_PROTOCOL' => 'HTTP/1.1'
    'REQUEST_METHOD' => 'GET'
    'QUERY_STRING' => 'r=gii%2Fdefault%2Fview&id=model'
    'REQUEST_URI' => '/advanced/frontend/web/index.php?r=gii%2Fdefault%2Fview&id=model'
    'SCRIPT_NAME' => '/advanced/frontend/web/index.php'
    'PHP_SELF' => '/advanced/frontend/web/index.php'
    'REQUEST_TIME_FLOAT' => 1445874389.664
    'REQUEST_TIME' => 1445874389
]
2015-10-26 16:46:31 [::1][-][-][warning][yii\log\Dispatcher::dispatch] Unable to send log via yii\debug\LogTarget: Exception 'Exception' with message 'Serialization of 'Closure' is not allowed' 

in C:\wamp\www\advanced\vendor\yiisoft\yii2-debug\LogTarget.php:58

Stack trace:
#0 C:\wamp\www\advanced\vendor\yiisoft\yii2-debug\LogTarget.php(58): serialize(Array)
#1 C:\wamp\www\advanced\vendor\yiisoft\yii2-debug\LogTarget.php(112): yii\debug\LogTarget->export(Array)
#2 C:\wamp\www\advanced\vendor\yiisoft\yii2\log\Dispatcher.php(183): yii\debug\LogTarget->collect(Array, true)
#3 C:\wamp\www\advanced\vendor\yiisoft\yii2\log\Logger.php(173): yii\log\Dispatcher->dispatch(Array, true)
#4 C:\wamp\www\advanced\vendor\yiisoft\yii2\base\ErrorHandler.php(111): yii\log\Logger->flush(true)
#5 [internal function]: yii\base\ErrorHandler->handleException(Object(yii\db\Exception))
#6 {main}
2015-10-26 16:46:29 [::1][-][-][info][application] $_GET = [
    'r' => 'gii/default/view'
    'id' => 'model'
]

$_COOKIE = [
    'PHPSESSID' => 'e1vvegc53eacgoga8gcr65nqt3'
    '_csrf' => '5b8d310dba8a13951fca3cd7815248d13e388f10c9afe6cd8dd51e88d29a6c77a:2:{i:0;s:5:\"_csrf\";i:1;s:32:\"_lU3iCqZa331VtlZFhw18AAy6H0i3DyC\";}'
]

$_SERVER = [
    'HTTP_HOST' => 'localhost'
    'HTTP_CONNECTION' => 'keep-alive'
    'HTTP_ACCEPT' => 'text/html,application/xhtml+xml,application/xml;q=0.9,image/webp,*/*;q=0.8'
    'HTTP_UPGRADE_INSECURE_REQUESTS' => '1'
    'HTTP_USER_AGENT' => 'Mozilla/5.0 (Windows NT 6.3; WOW64) AppleWebKit/537.36 (KHTML, like Gecko) Chrome/46.0.2490.80 Safari/537.36'
    'HTTP_REFERER' => 'http://localhost/advanced/frontend/web/index.php?r=gii'
    'HTTP_ACCEPT_ENCODING' => 'gzip, deflate, sdch'
    'HTTP_ACCEPT_LANGUAGE' => 'pt-PT,pt;q=0.8,en-US;q=0.6,en;q=0.4'
    'HTTP_COOKIE' => 'PHPSESSID=e1vvegc53eacgoga8gcr65nqt3; _csrf=5b8d310dba8a13951fca3cd7815248d13e388f10c9afe6cd8dd51e88d29a6c77a%3A2%3A%7Bi%3A0%3Bs%3A5%3A%22_csrf%22%3Bi%3A1%3Bs%3A32%3A%22_lU3iCqZa331VtlZFhw18AAy6H0i3DyC%22%3B%7D'
    'PATH' => 'C:\\Program Files (x86)\\Intel\\iCLS Client\\;C:\\Program Files\\Intel\\iCLS Client\\;C:\\Windows\\system32;C:\\Windows;C:\\Windows\\System32\\Wbem;C:\\Windows\\System32\\WindowsPowerShell\\v1.0\\;C:\\Program Files\\Intel\\Intel(R) Management Engine Components\\DAL;C:\\Program Files\\Intel\\Intel(R) Management Engine Components\\IPT;C:\\Program Files (x86)\\Intel\\Intel(R) Management Engine Components\\DAL;C:\\Program Files (x86)\\Intel\\Intel(R) Management Engine Components\\IPT;C:\\Program Files (x86)\\Windows Kits\\8.1\\Windows Performance Toolkit\\;C:\\Program Files\\Microsoft SQL Server\\110\\Tools\\Binn\\;C:\\Program Files\\Java\\jdk1.8.0_45\\bin;C:\\Windows\\system32\\config\\systemprofile\\.dnx\\bin;C:\\Program Files\\Microsoft DNX\\Dnvm\\;C:\\wamp\\bin\\php\\php5.5.12;C:\\ProgramData\\ComposerSetup\\bin;C:\\HashiCorp\\Vagrant\\bin;C:\\Program Files\\Git\\cmd;C:\\Program Files\\Git\\mingw64\\bin;C:\\Program Files\\Git\\usr\\bin;'
    'SystemRoot' => 'C:\\Windows'
    'COMSPEC' => 'C:\\Windows\\system32\\cmd.exe'
    'PATHEXT' => '.COM;.EXE;.BAT;.CMD;.VBS;.VBE;.JS;.JSE;.WSF;.WSH;.MSC'
    'WINDIR' => 'C:\\Windows'
    'SERVER_SIGNATURE' => '<address>Apache/2.4.9 (Win64) PHP/5.5.12 Server at localhost Port 80</address>
'
    'SERVER_SOFTWARE' => 'Apache/2.4.9 (Win64) PHP/5.5.12'
    'SERVER_NAME' => 'localhost'
    'SERVER_ADDR' => '::1'
    'SERVER_PORT' => '80'
    'REMOTE_ADDR' => '::1'
    'DOCUMENT_ROOT' => 'C:/wamp/www/'
    'REQUEST_SCHEME' => 'http'
    'CONTEXT_PREFIX' => ''
    'CONTEXT_DOCUMENT_ROOT' => 'C:/wamp/www/'
    'SERVER_ADMIN' => 'admin@example.com'
    'SCRIPT_FILENAME' => 'C:/wamp/www/advanced/frontend/web/index.php'
    'REMOTE_PORT' => '7746'
    'GATEWAY_INTERFACE' => 'CGI/1.1'
    'SERVER_PROTOCOL' => 'HTTP/1.1'
    'REQUEST_METHOD' => 'GET'
    'QUERY_STRING' => 'r=gii%2Fdefault%2Fview&id=model'
    'REQUEST_URI' => '/advanced/frontend/web/index.php?r=gii%2Fdefault%2Fview&id=model'
    'SCRIPT_NAME' => '/advanced/frontend/web/index.php'
    'PHP_SELF' => '/advanced/frontend/web/index.php'
    'REQUEST_TIME_FLOAT' => 1445874389.664
    'REQUEST_TIME' => 1445874389
]
2015-10-26 17:46:39 [::1][-][-][error][yii\web\HttpException:404] exception 'yii\base\InvalidRouteException' with message 'Unable to resolve the request "gii".' in C:\wamp\www\advanced\vendor\yiisoft\yii2\base\Module.php:461
Stack trace:
#0 C:\wamp\www\advanced\vendor\yiisoft\yii2\web\Application.php(84): yii\base\Module->runAction('gii', Array)
#1 C:\wamp\www\advanced\vendor\yiisoft\yii2\base\Application.php(375): yii\web\Application->handleRequest(Object(yii\web\Request))
#2 C:\wamp\www\advanced\frontend\web\index-test.php(18): yii\base\Application->run()
#3 {main}

Next exception 'yii\web\NotFoundHttpException' with message 'Page not found.' in C:\wamp\www\advanced\vendor\yiisoft\yii2\web\Application.php:96
Stack trace:
#0 C:\wamp\www\advanced\vendor\yiisoft\yii2\base\Application.php(375): yii\web\Application->handleRequest(Object(yii\web\Request))
#1 C:\wamp\www\advanced\frontend\web\index-test.php(18): yii\base\Application->run()
#2 {main}
2015-10-26 17:46:39 [::1][-][-][info][application] $_GET = [
    'r' => 'gii'
]

$_COOKIE = [
    'PHPSESSID' => 'e1vvegc53eacgoga8gcr65nqt3'
    '_csrf' => '5b8d310dba8a13951fca3cd7815248d13e388f10c9afe6cd8dd51e88d29a6c77a:2:{i:0;s:5:\"_csrf\";i:1;s:32:\"_lU3iCqZa331VtlZFhw18AAy6H0i3DyC\";}'
]

$_SESSION = [
    '__flash' => []
    '__returnUrl' => '/advanced/backend/web/index-test.php'
]

$_SERVER = [
    'HTTP_HOST' => 'localhost'
    'HTTP_CONNECTION' => 'keep-alive'
    'HTTP_ACCEPT' => 'text/html,application/xhtml+xml,application/xml;q=0.9,image/webp,*/*;q=0.8'
    'HTTP_UPGRADE_INSECURE_REQUESTS' => '1'
    'HTTP_USER_AGENT' => 'Mozilla/5.0 (Windows NT 6.3; WOW64) AppleWebKit/537.36 (KHTML, like Gecko) Chrome/46.0.2490.80 Safari/537.36'
    'HTTP_ACCEPT_ENCODING' => 'gzip, deflate, sdch'
    'HTTP_ACCEPT_LANGUAGE' => 'pt-PT,pt;q=0.8,en-US;q=0.6,en;q=0.4'
    'HTTP_COOKIE' => 'PHPSESSID=e1vvegc53eacgoga8gcr65nqt3; _csrf=5b8d310dba8a13951fca3cd7815248d13e388f10c9afe6cd8dd51e88d29a6c77a%3A2%3A%7Bi%3A0%3Bs%3A5%3A%22_csrf%22%3Bi%3A1%3Bs%3A32%3A%22_lU3iCqZa331VtlZFhw18AAy6H0i3DyC%22%3B%7D'
    'PATH' => 'C:\\Program Files (x86)\\Intel\\iCLS Client\\;C:\\Program Files\\Intel\\iCLS Client\\;C:\\Windows\\system32;C:\\Windows;C:\\Windows\\System32\\Wbem;C:\\Windows\\System32\\WindowsPowerShell\\v1.0\\;C:\\Program Files\\Intel\\Intel(R) Management Engine Components\\DAL;C:\\Program Files\\Intel\\Intel(R) Management Engine Components\\IPT;C:\\Program Files (x86)\\Intel\\Intel(R) Management Engine Components\\DAL;C:\\Program Files (x86)\\Intel\\Intel(R) Management Engine Components\\IPT;C:\\Program Files (x86)\\Windows Kits\\8.1\\Windows Performance Toolkit\\;C:\\Program Files\\Microsoft SQL Server\\110\\Tools\\Binn\\;C:\\Program Files\\Java\\jdk1.8.0_45\\bin;C:\\Windows\\system32\\config\\systemprofile\\.dnx\\bin;C:\\Program Files\\Microsoft DNX\\Dnvm\\;C:\\wamp\\bin\\php\\php5.5.12;C:\\ProgramData\\ComposerSetup\\bin;C:\\HashiCorp\\Vagrant\\bin;C:\\Program Files\\Git\\cmd;C:\\Program Files\\Git\\mingw64\\bin;C:\\Program Files\\Git\\usr\\bin;'
    'SystemRoot' => 'C:\\Windows'
    'COMSPEC' => 'C:\\Windows\\system32\\cmd.exe'
    'PATHEXT' => '.COM;.EXE;.BAT;.CMD;.VBS;.VBE;.JS;.JSE;.WSF;.WSH;.MSC'
    'WINDIR' => 'C:\\Windows'
    'SERVER_SIGNATURE' => '<address>Apache/2.4.9 (Win64) PHP/5.5.12 Server at localhost Port 80</address>
'
    'SERVER_SOFTWARE' => 'Apache/2.4.9 (Win64) PHP/5.5.12'
    'SERVER_NAME' => 'localhost'
    'SERVER_ADDR' => '::1'
    'SERVER_PORT' => '80'
    'REMOTE_ADDR' => '::1'
    'DOCUMENT_ROOT' => 'C:/wamp/www/'
    'REQUEST_SCHEME' => 'http'
    'CONTEXT_PREFIX' => ''
    'CONTEXT_DOCUMENT_ROOT' => 'C:/wamp/www/'
    'SERVER_ADMIN' => 'admin@example.com'
    'SCRIPT_FILENAME' => 'C:/wamp/www/advanced/frontend/web/index-test.php'
    'REMOTE_PORT' => '11701'
    'GATEWAY_INTERFACE' => 'CGI/1.1'
    'SERVER_PROTOCOL' => 'HTTP/1.1'
    'REQUEST_METHOD' => 'GET'
    'QUERY_STRING' => 'r=gii'
    'REQUEST_URI' => '/advanced/frontend/web/index-test.php?r=gii'
    'SCRIPT_NAME' => '/advanced/frontend/web/index-test.php'
    'PHP_SELF' => '/advanced/frontend/web/index-test.php'
    'REQUEST_TIME_FLOAT' => 1445877999.724
    'REQUEST_TIME' => 1445877999
]
2015-10-26 17:46:58 [::1][-][-][error][yii\db\Exception] exception 'PDOException' with message 'SQLSTATE[HY000] [1045] Access denied for user 'root'@'localhost' (using password: YES)' in C:\wamp\www\advanced\vendor\yiisoft\yii2\db\Connection.php:579
Stack trace:
#0 C:\wamp\www\advanced\vendor\yiisoft\yii2\db\Connection.php(579): PDO->__construct('mysql:host=loca...', 'root', 'root', NULL)
#1 C:\wamp\www\advanced\vendor\yiisoft\yii2\db\Connection.php(529): yii\db\Connection->createPdoInstance()
#2 C:\wamp\www\advanced\vendor\yiisoft\yii2\db\Connection.php(836): yii\db\Connection->open()
#3 C:\wamp\www\advanced\vendor\yiisoft\yii2\db\Connection.php(823): yii\db\Connection->getMasterPdo()
#4 C:\wamp\www\advanced\vendor\yiisoft\yii2\db\Command.php(216): yii\db\Connection->getSlavePdo()
#5 C:\wamp\www\advanced\vendor\yiisoft\yii2\db\Command.php(831): yii\db\Command->prepare('<span class="ke...')
#6 C:\wamp\www\advanced\vendor\yiisoft\yii2\db\Command.php(402): yii\db\Command->queryInternal('<span class="st...', '<span class="nu...')
#7 C:\wamp\www\advanced\vendor\yiisoft\yii2\db\mysql\Schema.php(308): yii\db\Command->queryColumn()
#8 C:\wamp\www\advanced\vendor\yiisoft\yii2\db\Schema.php(228): yii\db\mysql\Schema->findTableNames('<span class="st...')
#9 C:\wamp\www\advanced\vendor\yiisoft\yii2-gii\generators\model\Generator.php(151): yii\db\Schema->getTableNames()
#10 [internal function]: yii\gii\generators\model\Generator->yii\gii\generators\model\{closure}()
#11 C:\wamp\www\advanced\vendor\yiisoft\yii2-gii\components\ActiveField.php(41): call_user_func(Object(Closure))
#12 C:\wamp\www\advanced\vendor\yiisoft\yii2\base\Object.php(107): yii\gii\components\ActiveField->init()
#13 [internal function]: yii\base\Object->__construct('[<span class="s...')
#14 C:\wamp\www\advanced\vendor\yiisoft\yii2\di\Container.php(372): ReflectionClass->newInstanceArgs('[[<span class="...')
#15 C:\wamp\www\advanced\vendor\yiisoft\yii2\di\Container.php(151): yii\di\Container->build('<span class="st...', '[]', '[<span class="s...')
#16 C:\wamp\www\advanced\vendor\yiisoft\yii2\BaseYii.php(344): yii\di\Container->get('<span class="st...', '[]', '[<span class="s...')
#17 C:\wamp\www\advanced\vendor\yiisoft\yii2\widgets\ActiveForm.php(288): yii\BaseYii::createObject('[<span class="s...')
#18 C:\wamp\www\advanced\vendor\yiisoft\yii2-gii\generators\model\form.php(6): yii\widgets\ActiveForm->field(Object(yii\gii\generators\model\Generator), '<span class="st...')
#19 C:\wamp\www\advanced\vendor\yiisoft\yii2\base\View.php(325): require('C:\\wamp\\www\\adv...')
#20 C:\wamp\www\advanced\vendor\yiisoft\yii2\base\View.php(247): yii\base\View->renderPhpFile('<span class="st...', '[<span class="s...')
#21 C:\wamp\www\advanced\vendor\yiisoft\yii2-gii\views\default\view.php(38): yii\base\View->renderFile('<span class="st...', '[<span class="s...')
#22 C:\wamp\www\advanced\vendor\yiisoft\yii2\base\View.php(325): require('C:\\wamp\\www\\adv...')
#23 C:\wamp\www\advanced\vendor\yiisoft\yii2\base\View.php(247): yii\base\View->renderPhpFile('<span class="st...', '[<span class="s...')
#24 C:\wamp\www\advanced\vendor\yiisoft\yii2\base\View.php(149): yii\base\View->renderFile('<span class="st...', '[<span class="s...', Object(yii\gii\controllers\DefaultController))
#25 C:\wamp\www\advanced\vendor\yiisoft\yii2\base\Controller.php(371): yii\base\View->render('<span class="st...', '[<span class="s...', Object(yii\gii\controllers\DefaultController))
#26 C:\wamp\www\advanced\vendor\yiisoft\yii2-gii\controllers\DefaultController.php(56): yii\base\Controller->render('<span class="st...', '[<span class="s...')
#27 [internal function]: yii\gii\controllers\DefaultController->actionView('<span class="st...')
#28 C:\wamp\www\advanced\vendor\yiisoft\yii2\base\InlineAction.php(55): call_user_func_array('[<span class="t...', '[<span class="s...')
#29 C:\wamp\www\advanced\vendor\yiisoft\yii2\base\Controller.php(151): yii\base\InlineAction->runWithParams('[<span class="s...')
#30 C:\wamp\www\advanced\vendor\yiisoft\yii2\base\Module.php(455): yii\base\Controller->runAction('<span class="st...', '[<span class="s...')
#31 C:\wamp\www\advanced\vendor\yiisoft\yii2\web\Application.php(84): yii\base\Module->runAction('<span class="st...', '[<span class="s...')
#32 C:\wamp\www\advanced\vendor\yiisoft\yii2\base\Application.php(375): yii\web\Application->handleRequest(Object(yii\web\Request))
#33 C:\wamp\www\advanced\frontend\web\index.php(18): yii\base\Application->run()
#34 {main}

Next exception 'yii\db\Exception' with message 'SQLSTATE[HY000] [1045] Access denied for user 'root'@'localhost' (using password: YES)' in C:\wamp\www\advanced\vendor\yiisoft\yii2\db\Connection.php:534
Stack trace:
#0 C:\wamp\www\advanced\vendor\yiisoft\yii2\db\Connection.php(836): yii\db\Connection->open()
#1 C:\wamp\www\advanced\vendor\yiisoft\yii2\db\Connection.php(823): yii\db\Connection->getMasterPdo()
#2 C:\wamp\www\advanced\vendor\yiisoft\yii2\db\Command.php(216): yii\db\Connection->getSlavePdo()
#3 C:\wamp\www\advanced\vendor\yiisoft\yii2\db\Command.php(831): yii\db\Command->prepare('<span class="ke...')
#4 C:\wamp\www\advanced\vendor\yiisoft\yii2\db\Command.php(402): yii\db\Command->queryInternal('<span class="st...', '<span class="nu...')
#5 C:\wamp\www\advanced\vendor\yiisoft\yii2\db\mysql\Schema.php(308): yii\db\Command->queryColumn()
#6 C:\wamp\www\advanced\vendor\yiisoft\yii2\db\Schema.php(228): yii\db\mysql\Schema->findTableNames('<span class="st...')
#7 C:\wamp\www\advanced\vendor\yiisoft\yii2-gii\generators\model\Generator.php(151): yii\db\Schema->getTableNames()
#8 [internal function]: yii\gii\generators\model\Generator->yii\gii\generators\model\{closure}()
#9 C:\wamp\www\advanced\vendor\yiisoft\yii2-gii\components\ActiveField.php(41): call_user_func(Object(Closure))
#10 C:\wamp\www\advanced\vendor\yiisoft\yii2\base\Object.php(107): yii\gii\components\ActiveField->init()
#11 [internal function]: yii\base\Object->__construct('[<span class="s...')
#12 C:\wamp\www\advanced\vendor\yiisoft\yii2\di\Container.php(372): ReflectionClass->newInstanceArgs('[[<span class="...')
#13 C:\wamp\www\advanced\vendor\yiisoft\yii2\di\Container.php(151): yii\di\Container->build('<span class="st...', '[]', '[<span class="s...')
#14 C:\wamp\www\advanced\vendor\yiisoft\yii2\BaseYii.php(344): yii\di\Container->get('<span class="st...', '[]', '[<span class="s...')
#15 C:\wamp\www\advanced\vendor\yiisoft\yii2\widgets\ActiveForm.php(288): yii\BaseYii::createObject('[<span class="s...')
#16 C:\wamp\www\advanced\vendor\yiisoft\yii2-gii\generators\model\form.php(6): yii\widgets\ActiveForm->field(Object(yii\gii\generators\model\Generator), '<span class="st...')
#17 C:\wamp\www\advanced\vendor\yiisoft\yii2\base\View.php(325): require('C:\\wamp\\www\\adv...')
#18 C:\wamp\www\advanced\vendor\yiisoft\yii2\base\View.php(247): yii\base\View->renderPhpFile('<span class="st...', '[<span class="s...')
#19 C:\wamp\www\advanced\vendor\yiisoft\yii2-gii\views\default\view.php(38): yii\base\View->renderFile('<span class="st...', '[<span class="s...')
#20 C:\wamp\www\advanced\vendor\yiisoft\yii2\base\View.php(325): require('C:\\wamp\\www\\adv...')
#21 C:\wamp\www\advanced\vendor\yiisoft\yii2\base\View.php(247): yii\base\View->renderPhpFile('<span class="st...', '[<span class="s...')
#22 C:\wamp\www\advanced\vendor\yiisoft\yii2\base\View.php(149): yii\base\View->renderFile('<span class="st...', '[<span class="s...', Object(yii\gii\controllers\DefaultController))
#23 C:\wamp\www\advanced\vendor\yiisoft\yii2\base\Controller.php(371): yii\base\View->render('<span class="st...', '[<span class="s...', Object(yii\gii\controllers\DefaultController))
#24 C:\wamp\www\advanced\vendor\yiisoft\yii2-gii\controllers\DefaultController.php(56): yii\base\Controller->render('<span class="st...', '[<span class="s...')
#25 [internal function]: yii\gii\controllers\DefaultController->actionView('<span class="st...')
#26 C:\wamp\www\advanced\vendor\yiisoft\yii2\base\InlineAction.php(55): call_user_func_array('[<span class="t...', '[<span class="s...')
#27 C:\wamp\www\advanced\vendor\yiisoft\yii2\base\Controller.php(151): yii\base\InlineAction->runWithParams('[<span class="s...')
#28 C:\wamp\www\advanced\vendor\yiisoft\yii2\base\Module.php(455): yii\base\Controller->runAction('<span class="st...', '[<span class="s...')
#29 C:\wamp\www\advanced\vendor\yiisoft\yii2\web\Application.php(84): yii\base\Module->runAction('<span class="st...', '[<span class="s...')
#30 C:\wamp\www\advanced\vendor\yiisoft\yii2\base\Application.php(375): yii\web\Application->handleRequest(Object(yii\web\Request))
#31 C:\wamp\www\advanced\frontend\web\index.php(18): yii\base\Application->run()
#32 {main}
Additional Information:

2015-10-26 17:46:58 [::1][-][-][info][application] $_GET = [
    'r' => 'gii/default/view'
    'id' => 'model'
]

$_COOKIE = [
    'PHPSESSID' => 'e1vvegc53eacgoga8gcr65nqt3'
    '_csrf' => '5b8d310dba8a13951fca3cd7815248d13e388f10c9afe6cd8dd51e88d29a6c77a:2:{i:0;s:5:\"_csrf\";i:1;s:32:\"_lU3iCqZa331VtlZFhw18AAy6H0i3DyC\";}'
]

$_SERVER = [
    'HTTP_HOST' => 'localhost'
    'HTTP_CONNECTION' => 'keep-alive'
    'HTTP_ACCEPT' => 'text/html,application/xhtml+xml,application/xml;q=0.9,image/webp,*/*;q=0.8'
    'HTTP_UPGRADE_INSECURE_REQUESTS' => '1'
    'HTTP_USER_AGENT' => 'Mozilla/5.0 (Windows NT 6.3; WOW64) AppleWebKit/537.36 (KHTML, like Gecko) Chrome/46.0.2490.80 Safari/537.36'
    'HTTP_REFERER' => 'http://localhost/advanced/frontend/web/index.php?r=gii%2Fdefault%2Fview&id=crud'
    'HTTP_ACCEPT_ENCODING' => 'gzip, deflate, sdch'
    'HTTP_ACCEPT_LANGUAGE' => 'pt-PT,pt;q=0.8,en-US;q=0.6,en;q=0.4'
    'HTTP_COOKIE' => 'PHPSESSID=e1vvegc53eacgoga8gcr65nqt3; _csrf=5b8d310dba8a13951fca3cd7815248d13e388f10c9afe6cd8dd51e88d29a6c77a%3A2%3A%7Bi%3A0%3Bs%3A5%3A%22_csrf%22%3Bi%3A1%3Bs%3A32%3A%22_lU3iCqZa331VtlZFhw18AAy6H0i3DyC%22%3B%7D'
    'PATH' => 'C:\\Program Files (x86)\\Intel\\iCLS Client\\;C:\\Program Files\\Intel\\iCLS Client\\;C:\\Windows\\system32;C:\\Windows;C:\\Windows\\System32\\Wbem;C:\\Windows\\System32\\WindowsPowerShell\\v1.0\\;C:\\Program Files\\Intel\\Intel(R) Management Engine Components\\DAL;C:\\Program Files\\Intel\\Intel(R) Management Engine Components\\IPT;C:\\Program Files (x86)\\Intel\\Intel(R) Management Engine Components\\DAL;C:\\Program Files (x86)\\Intel\\Intel(R) Management Engine Components\\IPT;C:\\Program Files (x86)\\Windows Kits\\8.1\\Windows Performance Toolkit\\;C:\\Program Files\\Microsoft SQL Server\\110\\Tools\\Binn\\;C:\\Program Files\\Java\\jdk1.8.0_45\\bin;C:\\Windows\\system32\\config\\systemprofile\\.dnx\\bin;C:\\Program Files\\Microsoft DNX\\Dnvm\\;C:\\wamp\\bin\\php\\php5.5.12;C:\\ProgramData\\ComposerSetup\\bin;C:\\HashiCorp\\Vagrant\\bin;C:\\Program Files\\Git\\cmd;C:\\Program Files\\Git\\mingw64\\bin;C:\\Program Files\\Git\\usr\\bin;'
    'SystemRoot' => 'C:\\Windows'
    'COMSPEC' => 'C:\\Windows\\system32\\cmd.exe'
    'PATHEXT' => '.COM;.EXE;.BAT;.CMD;.VBS;.VBE;.JS;.JSE;.WSF;.WSH;.MSC'
    'WINDIR' => 'C:\\Windows'
    'SERVER_SIGNATURE' => '<address>Apache/2.4.9 (Win64) PHP/5.5.12 Server at localhost Port 80</address>
'
    'SERVER_SOFTWARE' => 'Apache/2.4.9 (Win64) PHP/5.5.12'
    'SERVER_NAME' => 'localhost'
    'SERVER_ADDR' => '::1'
    'SERVER_PORT' => '80'
    'REMOTE_ADDR' => '::1'
    'DOCUMENT_ROOT' => 'C:/wamp/www/'
    'REQUEST_SCHEME' => 'http'
    'CONTEXT_PREFIX' => ''
    'CONTEXT_DOCUMENT_ROOT' => 'C:/wamp/www/'
    'SERVER_ADMIN' => 'admin@example.com'
    'SCRIPT_FILENAME' => 'C:/wamp/www/advanced/frontend/web/index.php'
    'REMOTE_PORT' => '11702'
    'GATEWAY_INTERFACE' => 'CGI/1.1'
    'SERVER_PROTOCOL' => 'HTTP/1.1'
    'REQUEST_METHOD' => 'GET'
    'QUERY_STRING' => 'r=gii%2Fdefault%2Fview&id=model'
    'REQUEST_URI' => '/advanced/frontend/web/index.php?r=gii%2Fdefault%2Fview&id=model'
    'SCRIPT_NAME' => '/advanced/frontend/web/index.php'
    'PHP_SELF' => '/advanced/frontend/web/index.php'
    'REQUEST_TIME_FLOAT' => 1445878018.122
    'REQUEST_TIME' => 1445878018
]
2015-10-26 17:46:58 [::1][-][-][warning][yii\log\Dispatcher::dispatch] Unable to send log via yii\debug\LogTarget: Exception 'Exception' with message 'Serialization of 'Closure' is not allowed' 

in C:\wamp\www\advanced\vendor\yiisoft\yii2-debug\LogTarget.php:58

Stack trace:
#0 C:\wamp\www\advanced\vendor\yiisoft\yii2-debug\LogTarget.php(58): serialize(Array)
#1 C:\wamp\www\advanced\vendor\yiisoft\yii2-debug\LogTarget.php(112): yii\debug\LogTarget->export(Array)
#2 C:\wamp\www\advanced\vendor\yiisoft\yii2\log\Dispatcher.php(183): yii\debug\LogTarget->collect(Array, true)
#3 C:\wamp\www\advanced\vendor\yiisoft\yii2\log\Logger.php(173): yii\log\Dispatcher->dispatch(Array, true)
#4 C:\wamp\www\advanced\vendor\yiisoft\yii2\base\ErrorHandler.php(111): yii\log\Logger->flush(true)
#5 [internal function]: yii\base\ErrorHandler->handleException(Object(yii\db\Exception))
#6 {main}
2015-10-26 17:46:58 [::1][-][-][info][application] $_GET = [
    'r' => 'gii/default/view'
    'id' => 'model'
]

$_COOKIE = [
    'PHPSESSID' => 'e1vvegc53eacgoga8gcr65nqt3'
    '_csrf' => '5b8d310dba8a13951fca3cd7815248d13e388f10c9afe6cd8dd51e88d29a6c77a:2:{i:0;s:5:\"_csrf\";i:1;s:32:\"_lU3iCqZa331VtlZFhw18AAy6H0i3DyC\";}'
]

$_SERVER = [
    'HTTP_HOST' => 'localhost'
    'HTTP_CONNECTION' => 'keep-alive'
    'HTTP_ACCEPT' => 'text/html,application/xhtml+xml,application/xml;q=0.9,image/webp,*/*;q=0.8'
    'HTTP_UPGRADE_INSECURE_REQUESTS' => '1'
    'HTTP_USER_AGENT' => 'Mozilla/5.0 (Windows NT 6.3; WOW64) AppleWebKit/537.36 (KHTML, like Gecko) Chrome/46.0.2490.80 Safari/537.36'
    'HTTP_REFERER' => 'http://localhost/advanced/frontend/web/index.php?r=gii%2Fdefault%2Fview&id=crud'
    'HTTP_ACCEPT_ENCODING' => 'gzip, deflate, sdch'
    'HTTP_ACCEPT_LANGUAGE' => 'pt-PT,pt;q=0.8,en-US;q=0.6,en;q=0.4'
    'HTTP_COOKIE' => 'PHPSESSID=e1vvegc53eacgoga8gcr65nqt3; _csrf=5b8d310dba8a13951fca3cd7815248d13e388f10c9afe6cd8dd51e88d29a6c77a%3A2%3A%7Bi%3A0%3Bs%3A5%3A%22_csrf%22%3Bi%3A1%3Bs%3A32%3A%22_lU3iCqZa331VtlZFhw18AAy6H0i3DyC%22%3B%7D'
    'PATH' => 'C:\\Program Files (x86)\\Intel\\iCLS Client\\;C:\\Program Files\\Intel\\iCLS Client\\;C:\\Windows\\system32;C:\\Windows;C:\\Windows\\System32\\Wbem;C:\\Windows\\System32\\WindowsPowerShell\\v1.0\\;C:\\Program Files\\Intel\\Intel(R) Management Engine Components\\DAL;C:\\Program Files\\Intel\\Intel(R) Management Engine Components\\IPT;C:\\Program Files (x86)\\Intel\\Intel(R) Management Engine Components\\DAL;C:\\Program Files (x86)\\Intel\\Intel(R) Management Engine Components\\IPT;C:\\Program Files (x86)\\Windows Kits\\8.1\\Windows Performance Toolkit\\;C:\\Program Files\\Microsoft SQL Server\\110\\Tools\\Binn\\;C:\\Program Files\\Java\\jdk1.8.0_45\\bin;C:\\Windows\\system32\\config\\systemprofile\\.dnx\\bin;C:\\Program Files\\Microsoft DNX\\Dnvm\\;C:\\wamp\\bin\\php\\php5.5.12;C:\\ProgramData\\ComposerSetup\\bin;C:\\HashiCorp\\Vagrant\\bin;C:\\Program Files\\Git\\cmd;C:\\Program Files\\Git\\mingw64\\bin;C:\\Program Files\\Git\\usr\\bin;'
    'SystemRoot' => 'C:\\Windows'
    'COMSPEC' => 'C:\\Windows\\system32\\cmd.exe'
    'PATHEXT' => '.COM;.EXE;.BAT;.CMD;.VBS;.VBE;.JS;.JSE;.WSF;.WSH;.MSC'
    'WINDIR' => 'C:\\Windows'
    'SERVER_SIGNATURE' => '<address>Apache/2.4.9 (Win64) PHP/5.5.12 Server at localhost Port 80</address>
'
    'SERVER_SOFTWARE' => 'Apache/2.4.9 (Win64) PHP/5.5.12'
    'SERVER_NAME' => 'localhost'
    'SERVER_ADDR' => '::1'
    'SERVER_PORT' => '80'
    'REMOTE_ADDR' => '::1'
    'DOCUMENT_ROOT' => 'C:/wamp/www/'
    'REQUEST_SCHEME' => 'http'
    'CONTEXT_PREFIX' => ''
    'CONTEXT_DOCUMENT_ROOT' => 'C:/wamp/www/'
    'SERVER_ADMIN' => 'admin@example.com'
    'SCRIPT_FILENAME' => 'C:/wamp/www/advanced/frontend/web/index.php'
    'REMOTE_PORT' => '11702'
    'GATEWAY_INTERFACE' => 'CGI/1.1'
    'SERVER_PROTOCOL' => 'HTTP/1.1'
    'REQUEST_METHOD' => 'GET'
    'QUERY_STRING' => 'r=gii%2Fdefault%2Fview&id=model'
    'REQUEST_URI' => '/advanced/frontend/web/index.php?r=gii%2Fdefault%2Fview&id=model'
    'SCRIPT_NAME' => '/advanced/frontend/web/index.php'
    'PHP_SELF' => '/advanced/frontend/web/index.php'
    'REQUEST_TIME_FLOAT' => 1445878018.122
    'REQUEST_TIME' => 1445878018
]
2015-10-26 17:47:24 [::1][-][-][error][yii\db\Exception] exception 'PDOException' with message 'SQLSTATE[HY000] [1045] Access denied for user 'root'@'localhost' (using password: YES)' in C:\wamp\www\advanced\vendor\yiisoft\yii2\db\Connection.php:579
Stack trace:
#0 C:\wamp\www\advanced\vendor\yiisoft\yii2\db\Connection.php(579): PDO->__construct('mysql:host=loca...', 'root', 'root', NULL)
#1 C:\wamp\www\advanced\vendor\yiisoft\yii2\db\Connection.php(529): yii\db\Connection->createPdoInstance()
#2 C:\wamp\www\advanced\vendor\yiisoft\yii2\db\Connection.php(836): yii\db\Connection->open()
#3 C:\wamp\www\advanced\vendor\yiisoft\yii2\db\Connection.php(823): yii\db\Connection->getMasterPdo()
#4 C:\wamp\www\advanced\vendor\yiisoft\yii2\db\Command.php(216): yii\db\Connection->getSlavePdo()
#5 C:\wamp\www\advanced\vendor\yiisoft\yii2\db\Command.php(831): yii\db\Command->prepare('<span class="ke...')
#6 C:\wamp\www\advanced\vendor\yiisoft\yii2\db\Command.php(402): yii\db\Command->queryInternal('<span class="st...', '<span class="nu...')
#7 C:\wamp\www\advanced\vendor\yiisoft\yii2\db\mysql\Schema.php(308): yii\db\Command->queryColumn()
#8 C:\wamp\www\advanced\vendor\yiisoft\yii2\db\Schema.php(228): yii\db\mysql\Schema->findTableNames('<span class="st...')
#9 C:\wamp\www\advanced\vendor\yiisoft\yii2-gii\generators\model\Generator.php(151): yii\db\Schema->getTableNames()
#10 [internal function]: yii\gii\generators\model\Generator->yii\gii\generators\model\{closure}()
#11 C:\wamp\www\advanced\vendor\yiisoft\yii2-gii\components\ActiveField.php(41): call_user_func(Object(Closure))
#12 C:\wamp\www\advanced\vendor\yiisoft\yii2\base\Object.php(107): yii\gii\components\ActiveField->init()
#13 [internal function]: yii\base\Object->__construct('[<span class="s...')
#14 C:\wamp\www\advanced\vendor\yiisoft\yii2\di\Container.php(372): ReflectionClass->newInstanceArgs('[[<span class="...')
#15 C:\wamp\www\advanced\vendor\yiisoft\yii2\di\Container.php(151): yii\di\Container->build('<span class="st...', '[]', '[<span class="s...')
#16 C:\wamp\www\advanced\vendor\yiisoft\yii2\BaseYii.php(344): yii\di\Container->get('<span class="st...', '[]', '[<span class="s...')
#17 C:\wamp\www\advanced\vendor\yiisoft\yii2\widgets\ActiveForm.php(288): yii\BaseYii::createObject('[<span class="s...')
#18 C:\wamp\www\advanced\vendor\yiisoft\yii2-gii\generators\model\form.php(6): yii\widgets\ActiveForm->field(Object(yii\gii\generators\model\Generator), '<span class="st...')
#19 C:\wamp\www\advanced\vendor\yiisoft\yii2\base\View.php(325): require('C:\\wamp\\www\\adv...')
#20 C:\wamp\www\advanced\vendor\yiisoft\yii2\base\View.php(247): yii\base\View->renderPhpFile('<span class="st...', '[<span class="s...')
#21 C:\wamp\www\advanced\vendor\yiisoft\yii2-gii\views\default\view.php(38): yii\base\View->renderFile('<span class="st...', '[<span class="s...')
#22 C:\wamp\www\advanced\vendor\yiisoft\yii2\base\View.php(325): require('C:\\wamp\\www\\adv...')
#23 C:\wamp\www\advanced\vendor\yiisoft\yii2\base\View.php(247): yii\base\View->renderPhpFile('<span class="st...', '[<span class="s...')
#24 C:\wamp\www\advanced\vendor\yiisoft\yii2\base\View.php(149): yii\base\View->renderFile('<span class="st...', '[<span class="s...', Object(yii\gii\controllers\DefaultController))
#25 C:\wamp\www\advanced\vendor\yiisoft\yii2\base\Controller.php(371): yii\base\View->render('<span class="st...', '[<span class="s...', Object(yii\gii\controllers\DefaultController))
#26 C:\wamp\www\advanced\vendor\yiisoft\yii2-gii\controllers\DefaultController.php(56): yii\base\Controller->render('<span class="st...', '[<span class="s...')
#27 [internal function]: yii\gii\controllers\DefaultController->actionView('<span class="st...')
#28 C:\wamp\www\advanced\vendor\yiisoft\yii2\base\InlineAction.php(55): call_user_func_array('[<span class="t...', '[<span class="s...')
#29 C:\wamp\www\advanced\vendor\yiisoft\yii2\base\Controller.php(151): yii\base\InlineAction->runWithParams('[<span class="s...')
#30 C:\wamp\www\advanced\vendor\yiisoft\yii2\base\Module.php(455): yii\base\Controller->runAction('<span class="st...', '[<span class="s...')
#31 C:\wamp\www\advanced\vendor\yiisoft\yii2\web\Application.php(84): yii\base\Module->runAction('<span class="st...', '[<span class="s...')
#32 C:\wamp\www\advanced\vendor\yiisoft\yii2\base\Application.php(375): yii\web\Application->handleRequest(Object(yii\web\Request))
#33 C:\wamp\www\advanced\frontend\web\index.php(18): yii\base\Application->run()
#34 {main}

Next exception 'yii\db\Exception' with message 'SQLSTATE[HY000] [1045] Access denied for user 'root'@'localhost' (using password: YES)' in C:\wamp\www\advanced\vendor\yiisoft\yii2\db\Connection.php:534
Stack trace:
#0 C:\wamp\www\advanced\vendor\yiisoft\yii2\db\Connection.php(836): yii\db\Connection->open()
#1 C:\wamp\www\advanced\vendor\yiisoft\yii2\db\Connection.php(823): yii\db\Connection->getMasterPdo()
#2 C:\wamp\www\advanced\vendor\yiisoft\yii2\db\Command.php(216): yii\db\Connection->getSlavePdo()
#3 C:\wamp\www\advanced\vendor\yiisoft\yii2\db\Command.php(831): yii\db\Command->prepare('<span class="ke...')
#4 C:\wamp\www\advanced\vendor\yiisoft\yii2\db\Command.php(402): yii\db\Command->queryInternal('<span class="st...', '<span class="nu...')
#5 C:\wamp\www\advanced\vendor\yiisoft\yii2\db\mysql\Schema.php(308): yii\db\Command->queryColumn()
#6 C:\wamp\www\advanced\vendor\yiisoft\yii2\db\Schema.php(228): yii\db\mysql\Schema->findTableNames('<span class="st...')
#7 C:\wamp\www\advanced\vendor\yiisoft\yii2-gii\generators\model\Generator.php(151): yii\db\Schema->getTableNames()
#8 [internal function]: yii\gii\generators\model\Generator->yii\gii\generators\model\{closure}()
#9 C:\wamp\www\advanced\vendor\yiisoft\yii2-gii\components\ActiveField.php(41): call_user_func(Object(Closure))
#10 C:\wamp\www\advanced\vendor\yiisoft\yii2\base\Object.php(107): yii\gii\components\ActiveField->init()
#11 [internal function]: yii\base\Object->__construct('[<span class="s...')
#12 C:\wamp\www\advanced\vendor\yiisoft\yii2\di\Container.php(372): ReflectionClass->newInstanceArgs('[[<span class="...')
#13 C:\wamp\www\advanced\vendor\yiisoft\yii2\di\Container.php(151): yii\di\Container->build('<span class="st...', '[]', '[<span class="s...')
#14 C:\wamp\www\advanced\vendor\yiisoft\yii2\BaseYii.php(344): yii\di\Container->get('<span class="st...', '[]', '[<span class="s...')
#15 C:\wamp\www\advanced\vendor\yiisoft\yii2\widgets\ActiveForm.php(288): yii\BaseYii::createObject('[<span class="s...')
#16 C:\wamp\www\advanced\vendor\yiisoft\yii2-gii\generators\model\form.php(6): yii\widgets\ActiveForm->field(Object(yii\gii\generators\model\Generator), '<span class="st...')
#17 C:\wamp\www\advanced\vendor\yiisoft\yii2\base\View.php(325): require('C:\\wamp\\www\\adv...')
#18 C:\wamp\www\advanced\vendor\yiisoft\yii2\base\View.php(247): yii\base\View->renderPhpFile('<span class="st...', '[<span class="s...')
#19 C:\wamp\www\advanced\vendor\yiisoft\yii2-gii\views\default\view.php(38): yii\base\View->renderFile('<span class="st...', '[<span class="s...')
#20 C:\wamp\www\advanced\vendor\yiisoft\yii2\base\View.php(325): require('C:\\wamp\\www\\adv...')
#21 C:\wamp\www\advanced\vendor\yiisoft\yii2\base\View.php(247): yii\base\View->renderPhpFile('<span class="st...', '[<span class="s...')
#22 C:\wamp\www\advanced\vendor\yiisoft\yii2\base\View.php(149): yii\base\View->renderFile('<span class="st...', '[<span class="s...', Object(yii\gii\controllers\DefaultController))
#23 C:\wamp\www\advanced\vendor\yiisoft\yii2\base\Controller.php(371): yii\base\View->render('<span class="st...', '[<span class="s...', Object(yii\gii\controllers\DefaultController))
#24 C:\wamp\www\advanced\vendor\yiisoft\yii2-gii\controllers\DefaultController.php(56): yii\base\Controller->render('<span class="st...', '[<span class="s...')
#25 [internal function]: yii\gii\controllers\DefaultController->actionView('<span class="st...')
#26 C:\wamp\www\advanced\vendor\yiisoft\yii2\base\InlineAction.php(55): call_user_func_array('[<span class="t...', '[<span class="s...')
#27 C:\wamp\www\advanced\vendor\yiisoft\yii2\base\Controller.php(151): yii\base\InlineAction->runWithParams('[<span class="s...')
#28 C:\wamp\www\advanced\vendor\yiisoft\yii2\base\Module.php(455): yii\base\Controller->runAction('<span class="st...', '[<span class="s...')
#29 C:\wamp\www\advanced\vendor\yiisoft\yii2\web\Application.php(84): yii\base\Module->runAction('<span class="st...', '[<span class="s...')
#30 C:\wamp\www\advanced\vendor\yiisoft\yii2\base\Application.php(375): yii\web\Application->handleRequest(Object(yii\web\Request))
#31 C:\wamp\www\advanced\frontend\web\index.php(18): yii\base\Application->run()
#32 {main}
Additional Information:

2015-10-26 17:47:23 [::1][-][-][info][application] $_GET = [
    'r' => 'gii/default/view'
    'id' => 'model'
]

$_COOKIE = [
    'PHPSESSID' => 'e1vvegc53eacgoga8gcr65nqt3'
    '_csrf' => '5b8d310dba8a13951fca3cd7815248d13e388f10c9afe6cd8dd51e88d29a6c77a:2:{i:0;s:5:\"_csrf\";i:1;s:32:\"_lU3iCqZa331VtlZFhw18AAy6H0i3DyC\";}'
]

$_SERVER = [
    'HTTP_HOST' => 'localhost'
    'HTTP_CONNECTION' => 'keep-alive'
    'HTTP_ACCEPT' => 'text/html,application/xhtml+xml,application/xml;q=0.9,image/webp,*/*;q=0.8'
    'HTTP_UPGRADE_INSECURE_REQUESTS' => '1'
    'HTTP_USER_AGENT' => 'Mozilla/5.0 (Windows NT 6.3; WOW64) AppleWebKit/537.36 (KHTML, like Gecko) Chrome/46.0.2490.80 Safari/537.36'
    'HTTP_REFERER' => 'http://localhost/advanced/frontend/web/index.php?r=gii%2Fdefault%2Fview&id=crud'
    'HTTP_ACCEPT_ENCODING' => 'gzip, deflate, sdch'
    'HTTP_ACCEPT_LANGUAGE' => 'pt-PT,pt;q=0.8,en-US;q=0.6,en;q=0.4'
    'HTTP_COOKIE' => 'PHPSESSID=e1vvegc53eacgoga8gcr65nqt3; _csrf=5b8d310dba8a13951fca3cd7815248d13e388f10c9afe6cd8dd51e88d29a6c77a%3A2%3A%7Bi%3A0%3Bs%3A5%3A%22_csrf%22%3Bi%3A1%3Bs%3A32%3A%22_lU3iCqZa331VtlZFhw18AAy6H0i3DyC%22%3B%7D'
    'PATH' => 'C:\\Program Files (x86)\\Intel\\iCLS Client\\;C:\\Program Files\\Intel\\iCLS Client\\;C:\\Windows\\system32;C:\\Windows;C:\\Windows\\System32\\Wbem;C:\\Windows\\System32\\WindowsPowerShell\\v1.0\\;C:\\Program Files\\Intel\\Intel(R) Management Engine Components\\DAL;C:\\Program Files\\Intel\\Intel(R) Management Engine Components\\IPT;C:\\Program Files (x86)\\Intel\\Intel(R) Management Engine Components\\DAL;C:\\Program Files (x86)\\Intel\\Intel(R) Management Engine Components\\IPT;C:\\Program Files (x86)\\Windows Kits\\8.1\\Windows Performance Toolkit\\;C:\\Program Files\\Microsoft SQL Server\\110\\Tools\\Binn\\;C:\\Program Files\\Java\\jdk1.8.0_45\\bin;C:\\Windows\\system32\\config\\systemprofile\\.dnx\\bin;C:\\Program Files\\Microsoft DNX\\Dnvm\\;C:\\wamp\\bin\\php\\php5.5.12;C:\\ProgramData\\ComposerSetup\\bin;C:\\HashiCorp\\Vagrant\\bin;C:\\Program Files\\Git\\cmd;C:\\Program Files\\Git\\mingw64\\bin;C:\\Program Files\\Git\\usr\\bin;'
    'SystemRoot' => 'C:\\Windows'
    'COMSPEC' => 'C:\\Windows\\system32\\cmd.exe'
    'PATHEXT' => '.COM;.EXE;.BAT;.CMD;.VBS;.VBE;.JS;.JSE;.WSF;.WSH;.MSC'
    'WINDIR' => 'C:\\Windows'
    'SERVER_SIGNATURE' => '<address>Apache/2.4.9 (Win64) PHP/5.5.12 Server at localhost Port 80</address>
'
    'SERVER_SOFTWARE' => 'Apache/2.4.9 (Win64) PHP/5.5.12'
    'SERVER_NAME' => 'localhost'
    'SERVER_ADDR' => '::1'
    'SERVER_PORT' => '80'
    'REMOTE_ADDR' => '::1'
    'DOCUMENT_ROOT' => 'C:/wamp/www/'
    'REQUEST_SCHEME' => 'http'
    'CONTEXT_PREFIX' => ''
    'CONTEXT_DOCUMENT_ROOT' => 'C:/wamp/www/'
    'SERVER_ADMIN' => 'admin@example.com'
    'SCRIPT_FILENAME' => 'C:/wamp/www/advanced/frontend/web/index.php'
    'REMOTE_PORT' => '11710'
    'GATEWAY_INTERFACE' => 'CGI/1.1'
    'SERVER_PROTOCOL' => 'HTTP/1.1'
    'REQUEST_METHOD' => 'GET'
    'QUERY_STRING' => 'r=gii%2Fdefault%2Fview&id=model'
    'REQUEST_URI' => '/advanced/frontend/web/index.php?r=gii%2Fdefault%2Fview&id=model'
    'SCRIPT_NAME' => '/advanced/frontend/web/index.php'
    'PHP_SELF' => '/advanced/frontend/web/index.php'
    'REQUEST_TIME_FLOAT' => 1445878043.945
    'REQUEST_TIME' => 1445878043
]
2015-10-26 17:47:24 [::1][-][-][warning][yii\log\Dispatcher::dispatch] Unable to send log via yii\debug\LogTarget: Exception 'Exception' with message 'Serialization of 'Closure' is not allowed' 

in C:\wamp\www\advanced\vendor\yiisoft\yii2-debug\LogTarget.php:58

Stack trace:
#0 C:\wamp\www\advanced\vendor\yiisoft\yii2-debug\LogTarget.php(58): serialize(Array)
#1 C:\wamp\www\advanced\vendor\yiisoft\yii2-debug\LogTarget.php(112): yii\debug\LogTarget->export(Array)
#2 C:\wamp\www\advanced\vendor\yiisoft\yii2\log\Dispatcher.php(183): yii\debug\LogTarget->collect(Array, true)
#3 C:\wamp\www\advanced\vendor\yiisoft\yii2\log\Logger.php(173): yii\log\Dispatcher->dispatch(Array, true)
#4 C:\wamp\www\advanced\vendor\yiisoft\yii2\base\ErrorHandler.php(111): yii\log\Logger->flush(true)
#5 [internal function]: yii\base\ErrorHandler->handleException(Object(yii\db\Exception))
#6 {main}
2015-10-26 17:47:23 [::1][-][-][info][application] $_GET = [
    'r' => 'gii/default/view'
    'id' => 'model'
]

$_COOKIE = [
    'PHPSESSID' => 'e1vvegc53eacgoga8gcr65nqt3'
    '_csrf' => '5b8d310dba8a13951fca3cd7815248d13e388f10c9afe6cd8dd51e88d29a6c77a:2:{i:0;s:5:\"_csrf\";i:1;s:32:\"_lU3iCqZa331VtlZFhw18AAy6H0i3DyC\";}'
]

$_SERVER = [
    'HTTP_HOST' => 'localhost'
    'HTTP_CONNECTION' => 'keep-alive'
    'HTTP_ACCEPT' => 'text/html,application/xhtml+xml,application/xml;q=0.9,image/webp,*/*;q=0.8'
    'HTTP_UPGRADE_INSECURE_REQUESTS' => '1'
    'HTTP_USER_AGENT' => 'Mozilla/5.0 (Windows NT 6.3; WOW64) AppleWebKit/537.36 (KHTML, like Gecko) Chrome/46.0.2490.80 Safari/537.36'
    'HTTP_REFERER' => 'http://localhost/advanced/frontend/web/index.php?r=gii%2Fdefault%2Fview&id=crud'
    'HTTP_ACCEPT_ENCODING' => 'gzip, deflate, sdch'
    'HTTP_ACCEPT_LANGUAGE' => 'pt-PT,pt;q=0.8,en-US;q=0.6,en;q=0.4'
    'HTTP_COOKIE' => 'PHPSESSID=e1vvegc53eacgoga8gcr65nqt3; _csrf=5b8d310dba8a13951fca3cd7815248d13e388f10c9afe6cd8dd51e88d29a6c77a%3A2%3A%7Bi%3A0%3Bs%3A5%3A%22_csrf%22%3Bi%3A1%3Bs%3A32%3A%22_lU3iCqZa331VtlZFhw18AAy6H0i3DyC%22%3B%7D'
    'PATH' => 'C:\\Program Files (x86)\\Intel\\iCLS Client\\;C:\\Program Files\\Intel\\iCLS Client\\;C:\\Windows\\system32;C:\\Windows;C:\\Windows\\System32\\Wbem;C:\\Windows\\System32\\WindowsPowerShell\\v1.0\\;C:\\Program Files\\Intel\\Intel(R) Management Engine Components\\DAL;C:\\Program Files\\Intel\\Intel(R) Management Engine Components\\IPT;C:\\Program Files (x86)\\Intel\\Intel(R) Management Engine Components\\DAL;C:\\Program Files (x86)\\Intel\\Intel(R) Management Engine Components\\IPT;C:\\Program Files (x86)\\Windows Kits\\8.1\\Windows Performance Toolkit\\;C:\\Program Files\\Microsoft SQL Server\\110\\Tools\\Binn\\;C:\\Program Files\\Java\\jdk1.8.0_45\\bin;C:\\Windows\\system32\\config\\systemprofile\\.dnx\\bin;C:\\Program Files\\Microsoft DNX\\Dnvm\\;C:\\wamp\\bin\\php\\php5.5.12;C:\\ProgramData\\ComposerSetup\\bin;C:\\HashiCorp\\Vagrant\\bin;C:\\Program Files\\Git\\cmd;C:\\Program Files\\Git\\mingw64\\bin;C:\\Program Files\\Git\\usr\\bin;'
    'SystemRoot' => 'C:\\Windows'
    'COMSPEC' => 'C:\\Windows\\system32\\cmd.exe'
    'PATHEXT' => '.COM;.EXE;.BAT;.CMD;.VBS;.VBE;.JS;.JSE;.WSF;.WSH;.MSC'
    'WINDIR' => 'C:\\Windows'
    'SERVER_SIGNATURE' => '<address>Apache/2.4.9 (Win64) PHP/5.5.12 Server at localhost Port 80</address>
'
    'SERVER_SOFTWARE' => 'Apache/2.4.9 (Win64) PHP/5.5.12'
    'SERVER_NAME' => 'localhost'
    'SERVER_ADDR' => '::1'
    'SERVER_PORT' => '80'
    'REMOTE_ADDR' => '::1'
    'DOCUMENT_ROOT' => 'C:/wamp/www/'
    'REQUEST_SCHEME' => 'http'
    'CONTEXT_PREFIX' => ''
    'CONTEXT_DOCUMENT_ROOT' => 'C:/wamp/www/'
    'SERVER_ADMIN' => 'admin@example.com'
    'SCRIPT_FILENAME' => 'C:/wamp/www/advanced/frontend/web/index.php'
    'REMOTE_PORT' => '11710'
    'GATEWAY_INTERFACE' => 'CGI/1.1'
    'SERVER_PROTOCOL' => 'HTTP/1.1'
    'REQUEST_METHOD' => 'GET'
    'QUERY_STRING' => 'r=gii%2Fdefault%2Fview&id=model'
    'REQUEST_URI' => '/advanced/frontend/web/index.php?r=gii%2Fdefault%2Fview&id=model'
    'SCRIPT_NAME' => '/advanced/frontend/web/index.php'
    'PHP_SELF' => '/advanced/frontend/web/index.php'
    'REQUEST_TIME_FLOAT' => 1445878043.945
    'REQUEST_TIME' => 1445878043
]
